11-Mar-2022 11:42:04.571 信息 [main] org.apache.catalina.startup.VersionLoggerListener.log Server.服务器版本: Apache Tomcat/10.0.17
11-Mar-2022 11:42:04.579 信息 [main] org.apache.catalina.startup.VersionLoggerListener.log 服务器构建:        Feb 21 2022 19:36:49 UTC
11-Mar-2022 11:42:04.580 信息 [main] org.apache.catalina.startup.VersionLoggerListener.log 服务器版本号:      10.0.17.0
11-Mar-2022 11:42:04.580 信息 [main] org.apache.catalina.startup.VersionLoggerListener.log 操作系统名称:      Windows 11
11-Mar-2022 11:42:04.580 信息 [main] org.apache.catalina.startup.VersionLoggerListener.log OS.版本:           10.0
11-Mar-2022 11:42:04.580 信息 [main] org.apache.catalina.startup.VersionLoggerListener.log 架构:              amd64
11-Mar-2022 11:42:04.581 信息 [main] org.apache.catalina.startup.VersionLoggerListener.log Java 环境变量:     D:\web\jdk-17.0.2
11-Mar-2022 11:42:04.581 信息 [main] org.apache.catalina.startup.VersionLoggerListener.log Java虚拟机版本:    17.0.2+8-LTS-86
11-Mar-2022 11:42:04.581 信息 [main] org.apache.catalina.startup.VersionLoggerListener.log JVM.供应商:        Oracle Corporation
11-Mar-2022 11:42:04.581 信息 [main] org.apache.catalina.startup.VersionLoggerListener.log CATALINA_BASE:     D:\web\apache-tomcat-10.0.17
11-Mar-2022 11:42:04.582 信息 [main] org.apache.catalina.startup.VersionLoggerListener.log CATALINA_HOME:     D:\web\apache-tomcat-10.0.17
11-Mar-2022 11:42:04.649 信息 [main] org.apache.catalina.startup.VersionLoggerListener.log 命令行参数：       --add-opens=java.base/java.lang=ALL-UNNAMED
11-Mar-2022 11:42:04.650 信息 [main] org.apache.catalina.startup.VersionLoggerListener.log 命令行参数：       --add-opens=java.base/java.io=ALL-UNNAMED
11-Mar-2022 11:42:04.651 信息 [main] org.apache.catalina.startup.VersionLoggerListener.log 命令行参数：       --add-opens=java.base/java.util=ALL-UNNAMED
11-Mar-2022 11:42:04.652 信息 [main] org.apache.catalina.startup.VersionLoggerListener.log 命令行参数：       --add-opens=java.base/java.util.concurrent=ALL-UNNAMED
11-Mar-2022 11:42:04.654 信息 [main] org.apache.catalina.startup.VersionLoggerListener.log 命令行参数：       --add-opens=java.rmi/sun.rmi.transport=ALL-UNNAMED
11-Mar-2022 11:42:04.655 信息 [main] org.apache.catalina.startup.VersionLoggerListener.log 命令行参数：       -Djava.util.logging.config.file=D:\web\apache-tomcat-10.0.17\conf\logging.properties
11-Mar-2022 11:42:04.656 信息 [main] org.apache.catalina.startup.VersionLoggerListener.log 命令行参数：       -Djava.util.logging.manager=org.apache.juli.ClassLoaderLogManager
11-Mar-2022 11:42:04.656 信息 [main] org.apache.catalina.startup.VersionLoggerListener.log 命令行参数：       -Djdk.tls.ephemeralDHKeySize=2048
11-Mar-2022 11:42:04.657 信息 [main] org.apache.catalina.startup.VersionLoggerListener.log 命令行参数：       -Djava.protocol.handler.pkgs=org.apache.catalina.webresources
11-Mar-2022 11:42:04.657 信息 [main] org.apache.catalina.startup.VersionLoggerListener.log 命令行参数：       -Dignore.endorsed.dirs=
11-Mar-2022 11:42:04.657 信息 [main] org.apache.catalina.startup.VersionLoggerListener.log 命令行参数：       -Dcatalina.base=D:\web\apache-tomcat-10.0.17
11-Mar-2022 11:42:04.658 信息 [main] org.apache.catalina.startup.VersionLoggerListener.log 命令行参数：       -Dcatalina.home=D:\web\apache-tomcat-10.0.17
11-Mar-2022 11:42:04.658 信息 [main] org.apache.catalina.startup.VersionLoggerListener.log 命令行参数：       -Djava.io.tmpdir=D:\web\apache-tomcat-10.0.17\temp
11-Mar-2022 11:42:04.671 信息 [main] org.apache.catalina.core.AprLifecycleListener.lifecycleEvent 在java.library.path:[D:\web\jdk-17.0.2\bin;C:\WINDOWS\Sun\Java\bin;C:\WINDOWS\system32;C:\WINDOWS;C:\Program Files\Common Files\Oracle\Java\javapath;C:\WINDOWS\system32;C:\WINDOWS;C:\WINDOWS\System32\Wbem;C:\WINDOWS\System32\WindowsPowerShell\v1.0\;C:\WINDOWS\System32\OpenSSH\;C:\Program Files\Intel\WiFi\bin\;C:\Program Files\Common Files\Intel\WirelessCommon\;E:\NetSarang\Xshell 7\;%JAVA_HOME%\bin;D:\Python\Python39\Scripts\;D:\Python\Python39\;C:\Users\PC\AppData\Local\Microsoft\WindowsApps;C:\Program Files\Bandizip\;D:\Python\anaconda3\Lib\site-packages;;D:\Python\JetBrains\PyCharm Community Edition 2021.2.2\bin;;.]上找不到基于APR的Apache Tomcat本机库，该库允许在生产环境中获得最佳性能
11-Mar-2022 11:42:05.072 信息 [main] org.apache.coyote.AbstractProtocol.init 初始化协议处理器 ["http-nio-8080"]
11-Mar-2022 11:42:05.121 信息 [main] org.apache.catalina.startup.Catalina.load 服务器在[871]毫秒内初始化
11-Mar-2022 11:42:05.184 信息 [main] org.apache.catalina.core.StandardService.startInternal 正在启动服务[Catalina]
11-Mar-2022 11:42:05.184 信息 [main] org.apache.catalina.core.StandardEngine.startInternal 正在启动 Servlet 引擎：[Apache Tomcat/10.0.17]
11-Mar-2022 11:42:05.194 信息 [main] org.apache.catalina.startup.HostConfig.deployDirectory 把web 应用程序部署到目录 [D:\web\apache-tomcat-10.0.17\webapps\ch1]
11-Mar-2022 11:42:05.665 信息 [main] org.apache.catalina.startup.HostConfig.deployDirectory Web应用程序目录[D:\web\apache-tomcat-10.0.17\webapps\ch1]的部署已在[466]毫秒内完成
11-Mar-2022 11:42:05.666 信息 [main] org.apache.catalina.startup.HostConfig.deployDirectory 把web 应用程序部署到目录 [D:\web\apache-tomcat-10.0.17\webapps\ch2]
11-Mar-2022 11:42:05.698 信息 [main] org.apache.catalina.startup.HostConfig.deployDirectory Web应用程序目录[D:\web\apache-tomcat-10.0.17\webapps\ch2]的部署已在[33]毫秒内完成
11-Mar-2022 11:42:05.698 信息 [main] org.apache.catalina.startup.HostConfig.deployDirectory 把web 应用程序部署到目录 [D:\web\apache-tomcat-10.0.17\webapps\docs]
11-Mar-2022 11:42:05.739 信息 [main] org.apache.catalina.startup.HostConfig.deployDirectory Web应用程序目录[D:\web\apache-tomcat-10.0.17\webapps\docs]的部署已在[41]毫秒内完成
11-Mar-2022 11:42:05.740 信息 [main] org.apache.catalina.startup.HostConfig.deployDirectory 把web 应用程序部署到目录 [D:\web\apache-tomcat-10.0.17\webapps\examples]
11-Mar-2022 11:42:07.318 信息 [main] org.apache.catalina.startup.HostConfig.deployDirectory Web应用程序目录[D:\web\apache-tomcat-10.0.17\webapps\examples]的部署已在[1,578]毫秒内完成
11-Mar-2022 11:42:07.319 信息 [main] org.apache.catalina.startup.HostConfig.deployDirectory 把web 应用程序部署到目录 [D:\web\apache-tomcat-10.0.17\webapps\host-manager]
11-Mar-2022 11:42:07.385 信息 [main] org.apache.catalina.startup.HostConfig.deployDirectory Web应用程序目录[D:\web\apache-tomcat-10.0.17\webapps\host-manager]的部署已在[65]毫秒内完成
11-Mar-2022 11:42:07.385 信息 [main] org.apache.catalina.startup.HostConfig.deployDirectory 把web 应用程序部署到目录 [D:\web\apache-tomcat-10.0.17\webapps\manager]
11-Mar-2022 11:42:07.439 信息 [main] org.apache.catalina.startup.HostConfig.deployDirectory Web应用程序目录[D:\web\apache-tomcat-10.0.17\webapps\manager]的部署已在[54]毫秒内完成
11-Mar-2022 11:42:07.440 信息 [main] org.apache.catalina.startup.HostConfig.deployDirectory 把web 应用程序部署到目录 [D:\web\apache-tomcat-10.0.17\webapps\ROOT]
11-Mar-2022 11:42:07.470 信息 [main] org.apache.catalina.startup.HostConfig.deployDirectory Web应用程序目录[D:\web\apache-tomcat-10.0.17\webapps\ROOT]的部署已在[30]毫秒内完成
11-Mar-2022 11:42:07.471 信息 [main] org.apache.catalina.startup.HostConfig.deployDirectory 把web 应用程序部署到目录 [D:\web\apache-tomcat-10.0.17\webapps\作业一]
11-Mar-2022 11:42:07.496 信息 [main] org.apache.catalina.startup.HostConfig.deployDirectory Web应用程序目录[D:\web\apache-tomcat-10.0.17\webapps\作业一]的部署已在[25]毫秒内完成
11-Mar-2022 11:42:07.503 信息 [main] org.apache.coyote.AbstractProtocol.start 开始协议处理句柄["http-nio-8080"]
11-Mar-2022 11:42:07.600 信息 [main] org.apache.catalina.startup.Catalina.start [2478]毫秒后服务器启动
11-Mar-2022 11:43:47.636 信息 [Catalina-utility-1] org.apache.catalina.startup.HostConfig.deployDirectory 把web 应用程序部署到目录 [D:\web\apache-tomcat-10.0.17\webapps\movie]
11-Mar-2022 11:43:47.668 信息 [Catalina-utility-1] org.apache.catalina.startup.HostConfig.deployDirectory Web应用程序目录[D:\web\apache-tomcat-10.0.17\webapps\movie]的部署已在[32]毫秒内完成
11-Mar-2022 18:54:39.177 信息 [main] org.apache.catalina.startup.VersionLoggerListener.log Server.服务器版本: Apache Tomcat/10.0.17
11-Mar-2022 18:54:39.182 信息 [main] org.apache.catalina.startup.VersionLoggerListener.log 服务器构建:        Feb 21 2022 19:36:49 UTC
11-Mar-2022 18:54:39.185 信息 [main] org.apache.catalina.startup.VersionLoggerListener.log 服务器版本号:      10.0.17.0
11-Mar-2022 18:54:39.185 信息 [main] org.apache.catalina.startup.VersionLoggerListener.log 操作系统名称:      Windows 11
11-Mar-2022 18:54:39.185 信息 [main] org.apache.catalina.startup.VersionLoggerListener.log OS.版本:           10.0
11-Mar-2022 18:54:39.185 信息 [main] org.apache.catalina.startup.VersionLoggerListener.log 架构:              amd64
11-Mar-2022 18:54:39.186 信息 [main] org.apache.catalina.startup.VersionLoggerListener.log Java 环境变量:     D:\web\jdk-17.0.2
11-Mar-2022 18:54:39.186 信息 [main] org.apache.catalina.startup.VersionLoggerListener.log Java虚拟机版本:    17.0.2+8-LTS-86
11-Mar-2022 18:54:39.186 信息 [main] org.apache.catalina.startup.VersionLoggerListener.log JVM.供应商:        Oracle Corporation
11-Mar-2022 18:54:39.186 信息 [main] org.apache.catalina.startup.VersionLoggerListener.log CATALINA_BASE:     D:\web\apache-tomcat-10.0.17
11-Mar-2022 18:54:39.187 信息 [main] org.apache.catalina.startup.VersionLoggerListener.log CATALINA_HOME:     D:\web\apache-tomcat-10.0.17
11-Mar-2022 18:54:39.197 信息 [main] org.apache.catalina.startup.VersionLoggerListener.log 命令行参数：       --add-opens=java.base/java.lang=ALL-UNNAMED
11-Mar-2022 18:54:39.198 信息 [main] org.apache.catalina.startup.VersionLoggerListener.log 命令行参数：       --add-opens=java.base/java.io=ALL-UNNAMED
11-Mar-2022 18:54:39.198 信息 [main] org.apache.catalina.startup.VersionLoggerListener.log 命令行参数：       --add-opens=java.base/java.util=ALL-UNNAMED
11-Mar-2022 18:54:39.198 信息 [main] org.apache.catalina.startup.VersionLoggerListener.log 命令行参数：       --add-opens=java.base/java.util.concurrent=ALL-UNNAMED
11-Mar-2022 18:54:39.198 信息 [main] org.apache.catalina.startup.VersionLoggerListener.log 命令行参数：       --add-opens=java.rmi/sun.rmi.transport=ALL-UNNAMED
11-Mar-2022 18:54:39.199 信息 [main] org.apache.catalina.startup.VersionLoggerListener.log 命令行参数：       -Djava.util.logging.config.file=D:\web\apache-tomcat-10.0.17\conf\logging.properties
11-Mar-2022 18:54:39.200 信息 [main] org.apache.catalina.startup.VersionLoggerListener.log 命令行参数：       -Djava.util.logging.manager=org.apache.juli.ClassLoaderLogManager
11-Mar-2022 18:54:39.214 信息 [main] org.apache.catalina.startup.VersionLoggerListener.log 命令行参数：       -Djdk.tls.ephemeralDHKeySize=2048
11-Mar-2022 18:54:39.214 信息 [main] org.apache.catalina.startup.VersionLoggerListener.log 命令行参数：       -Djava.protocol.handler.pkgs=org.apache.catalina.webresources
11-Mar-2022 18:54:39.215 信息 [main] org.apache.catalina.startup.VersionLoggerListener.log 命令行参数：       -Dignore.endorsed.dirs=
11-Mar-2022 18:54:39.216 信息 [main] org.apache.catalina.startup.VersionLoggerListener.log 命令行参数：       -Dcatalina.base=D:\web\apache-tomcat-10.0.17
11-Mar-2022 18:54:39.216 信息 [main] org.apache.catalina.startup.VersionLoggerListener.log 命令行参数：       -Dcatalina.home=D:\web\apache-tomcat-10.0.17
11-Mar-2022 18:54:39.217 信息 [main] org.apache.catalina.startup.VersionLoggerListener.log 命令行参数：       -Djava.io.tmpdir=D:\web\apache-tomcat-10.0.17\temp
11-Mar-2022 18:54:39.223 信息 [main] org.apache.catalina.core.AprLifecycleListener.lifecycleEvent 在java.library.path:[D:\web\jdk-17.0.2\bin;C:\WINDOWS\Sun\Java\bin;C:\WINDOWS\system32;C:\WINDOWS;C:\Program Files\Common Files\Oracle\Java\javapath;C:\WINDOWS\system32;C:\WINDOWS;C:\WINDOWS\System32\Wbem;C:\WINDOWS\System32\WindowsPowerShell\v1.0\;C:\WINDOWS\System32\OpenSSH\;C:\Program Files\Intel\WiFi\bin\;C:\Program Files\Common Files\Intel\WirelessCommon\;E:\NetSarang\Xshell 7\;%JAVA_HOME%\bin;D:\Python\Python39\Scripts\;D:\Python\Python39\;C:\Users\PC\AppData\Local\Microsoft\WindowsApps;C:\Program Files\Bandizip\;D:\Python\anaconda3\Lib\site-packages;;D:\Python\JetBrains\PyCharm Community Edition 2021.2.2\bin;;.]上找不到基于APR的Apache Tomcat本机库，该库允许在生产环境中获得最佳性能
11-Mar-2022 18:54:39.548 信息 [main] org.apache.coyote.AbstractProtocol.init 初始化协议处理器 ["http-nio-8080"]
11-Mar-2022 18:54:39.579 信息 [main] org.apache.catalina.startup.Catalina.load 服务器在[644]毫秒内初始化
11-Mar-2022 18:54:39.629 信息 [main] org.apache.catalina.core.StandardService.startInternal 正在启动服务[Catalina]
11-Mar-2022 18:54:39.629 信息 [main] org.apache.catalina.core.StandardEngine.startInternal 正在启动 Servlet 引擎：[Apache Tomcat/10.0.17]
11-Mar-2022 18:54:39.643 信息 [main] org.apache.catalina.startup.HostConfig.deployDirectory 把web 应用程序部署到目录 [D:\web\apache-tomcat-10.0.17\webapps\ch1]
11-Mar-2022 18:54:40.322 警告 [main] org.apache.catalina.util.SessionIdGeneratorBase.createSecureRandom 使用[SHA1PRNG]创建会话ID生成的SecureRandom实例花费了[180]毫秒。
11-Mar-2022 18:54:40.350 信息 [main] org.apache.catalina.startup.HostConfig.deployDirectory Web应用程序目录[D:\web\apache-tomcat-10.0.17\webapps\ch1]的部署已在[707]毫秒内完成
11-Mar-2022 18:54:40.352 信息 [main] org.apache.catalina.startup.HostConfig.deployDirectory 把web 应用程序部署到目录 [D:\web\apache-tomcat-10.0.17\webapps\ch2]
11-Mar-2022 18:54:40.384 信息 [main] org.apache.catalina.startup.HostConfig.deployDirectory Web应用程序目录[D:\web\apache-tomcat-10.0.17\webapps\ch2]的部署已在[33]毫秒内完成
11-Mar-2022 18:54:40.385 信息 [main] org.apache.catalina.startup.HostConfig.deployDirectory 把web 应用程序部署到目录 [D:\web\apache-tomcat-10.0.17\webapps\docs]
11-Mar-2022 18:54:40.425 信息 [main] org.apache.catalina.startup.HostConfig.deployDirectory Web应用程序目录[D:\web\apache-tomcat-10.0.17\webapps\docs]的部署已在[39]毫秒内完成
11-Mar-2022 18:54:40.425 信息 [main] org.apache.catalina.startup.HostConfig.deployDirectory 把web 应用程序部署到目录 [D:\web\apache-tomcat-10.0.17\webapps\examples]
11-Mar-2022 18:54:40.896 信息 [main] org.apache.catalina.startup.HostConfig.deployDirectory Web应用程序目录[D:\web\apache-tomcat-10.0.17\webapps\examples]的部署已在[471]毫秒内完成
11-Mar-2022 18:54:40.897 信息 [main] org.apache.catalina.startup.HostConfig.deployDirectory 把web 应用程序部署到目录 [D:\web\apache-tomcat-10.0.17\webapps\host-manager]
11-Mar-2022 18:54:40.938 信息 [main] org.apache.catalina.startup.HostConfig.deployDirectory Web应用程序目录[D:\web\apache-tomcat-10.0.17\webapps\host-manager]的部署已在[41]毫秒内完成
11-Mar-2022 18:54:40.938 信息 [main] org.apache.catalina.startup.HostConfig.deployDirectory 把web 应用程序部署到目录 [D:\web\apache-tomcat-10.0.17\webapps\manager]
11-Mar-2022 18:54:40.976 信息 [main] org.apache.catalina.startup.HostConfig.deployDirectory Web应用程序目录[D:\web\apache-tomcat-10.0.17\webapps\manager]的部署已在[38]毫秒内完成
11-Mar-2022 18:54:40.976 信息 [main] org.apache.catalina.startup.HostConfig.deployDirectory 把web 应用程序部署到目录 [D:\web\apache-tomcat-10.0.17\webapps\movie]
11-Mar-2022 18:54:40.997 信息 [main] org.apache.catalina.startup.HostConfig.deployDirectory Web应用程序目录[D:\web\apache-tomcat-10.0.17\webapps\movie]的部署已在[21]毫秒内完成
11-Mar-2022 18:54:40.997 信息 [main] org.apache.catalina.startup.HostConfig.deployDirectory 把web 应用程序部署到目录 [D:\web\apache-tomcat-10.0.17\webapps\ROOT]
11-Mar-2022 18:54:41.022 信息 [main] org.apache.catalina.startup.HostConfig.deployDirectory Web应用程序目录[D:\web\apache-tomcat-10.0.17\webapps\ROOT]的部署已在[25]毫秒内完成
11-Mar-2022 18:54:41.023 信息 [main] org.apache.catalina.startup.HostConfig.deployDirectory 把web 应用程序部署到目录 [D:\web\apache-tomcat-10.0.17\webapps\作业一]
11-Mar-2022 18:54:41.044 信息 [main] org.apache.catalina.startup.HostConfig.deployDirectory Web应用程序目录[D:\web\apache-tomcat-10.0.17\webapps\作业一]的部署已在[21]毫秒内完成
11-Mar-2022 18:54:41.049 信息 [main] org.apache.coyote.AbstractProtocol.start 开始协议处理句柄["http-nio-8080"]
11-Mar-2022 18:54:41.114 信息 [main] org.apache.catalina.startup.Catalina.start [1535]毫秒后服务器启动
11-Mar-2022 20:30:39.829 信息 [main] org.apache.catalina.startup.VersionLoggerListener.log Server.服务器版本: Apache Tomcat/10.0.17
11-Mar-2022 20:30:39.834 信息 [main] org.apache.catalina.startup.VersionLoggerListener.log 服务器构建:        Feb 21 2022 19:36:49 UTC
11-Mar-2022 20:30:39.835 信息 [main] org.apache.catalina.startup.VersionLoggerListener.log 服务器版本号:      10.0.17.0
11-Mar-2022 20:30:39.835 信息 [main] org.apache.catalina.startup.VersionLoggerListener.log 操作系统名称:      Windows 11
11-Mar-2022 20:30:39.835 信息 [main] org.apache.catalina.startup.VersionLoggerListener.log OS.版本:           10.0
11-Mar-2022 20:30:39.835 信息 [main] org.apache.catalina.startup.VersionLoggerListener.log 架构:              amd64
11-Mar-2022 20:30:39.836 信息 [main] org.apache.catalina.startup.VersionLoggerListener.log Java 环境变量:     D:\web\jdk-17.0.2
11-Mar-2022 20:30:39.836 信息 [main] org.apache.catalina.startup.VersionLoggerListener.log Java虚拟机版本:    17.0.2+8-LTS-86
11-Mar-2022 20:30:39.836 信息 [main] org.apache.catalina.startup.VersionLoggerListener.log JVM.供应商:        Oracle Corporation
11-Mar-2022 20:30:39.837 信息 [main] org.apache.catalina.startup.VersionLoggerListener.log CATALINA_BASE:     D:\web\apache-tomcat-10.0.17
11-Mar-2022 20:30:39.837 信息 [main] org.apache.catalina.startup.VersionLoggerListener.log CATALINA_HOME:     D:\web\apache-tomcat-10.0.17
11-Mar-2022 20:30:39.848 信息 [main] org.apache.catalina.startup.VersionLoggerListener.log 命令行参数：       --add-opens=java.base/java.lang=ALL-UNNAMED
11-Mar-2022 20:30:39.848 信息 [main] org.apache.catalina.startup.VersionLoggerListener.log 命令行参数：       --add-opens=java.base/java.io=ALL-UNNAMED
11-Mar-2022 20:30:39.848 信息 [main] org.apache.catalina.startup.VersionLoggerListener.log 命令行参数：       --add-opens=java.base/java.util=ALL-UNNAMED
11-Mar-2022 20:30:39.849 信息 [main] org.apache.catalina.startup.VersionLoggerListener.log 命令行参数：       --add-opens=java.base/java.util.concurrent=ALL-UNNAMED
11-Mar-2022 20:30:39.849 信息 [main] org.apache.catalina.startup.VersionLoggerListener.log 命令行参数：       --add-opens=java.rmi/sun.rmi.transport=ALL-UNNAMED
11-Mar-2022 20:30:39.849 信息 [main] org.apache.catalina.startup.VersionLoggerListener.log 命令行参数：       -Djava.util.logging.config.file=D:\web\apache-tomcat-10.0.17\conf\logging.properties
11-Mar-2022 20:30:39.850 信息 [main] org.apache.catalina.startup.VersionLoggerListener.log 命令行参数：       -Djava.util.logging.manager=org.apache.juli.ClassLoaderLogManager
11-Mar-2022 20:30:39.851 信息 [main] org.apache.catalina.startup.VersionLoggerListener.log 命令行参数：       -Djdk.tls.ephemeralDHKeySize=2048
11-Mar-2022 20:30:39.855 信息 [main] org.apache.catalina.startup.VersionLoggerListener.log 命令行参数：       -Djava.protocol.handler.pkgs=org.apache.catalina.webresources
11-Mar-2022 20:30:39.858 信息 [main] org.apache.catalina.startup.VersionLoggerListener.log 命令行参数：       -Dignore.endorsed.dirs=
11-Mar-2022 20:30:39.859 信息 [main] org.apache.catalina.startup.VersionLoggerListener.log 命令行参数：       -Dcatalina.base=D:\web\apache-tomcat-10.0.17
11-Mar-2022 20:30:39.860 信息 [main] org.apache.catalina.startup.VersionLoggerListener.log 命令行参数：       -Dcatalina.home=D:\web\apache-tomcat-10.0.17
11-Mar-2022 20:30:39.860 信息 [main] org.apache.catalina.startup.VersionLoggerListener.log 命令行参数：       -Djava.io.tmpdir=D:\web\apache-tomcat-10.0.17\temp
11-Mar-2022 20:30:39.865 信息 [main] org.apache.catalina.core.AprLifecycleListener.lifecycleEvent 在java.library.path:[D:\web\jdk-17.0.2\bin;C:\WINDOWS\Sun\Java\bin;C:\WINDOWS\system32;C:\WINDOWS;C:\Program Files\Common Files\Oracle\Java\javapath;C:\WINDOWS\system32;C:\WINDOWS;C:\WINDOWS\System32\Wbem;C:\WINDOWS\System32\WindowsPowerShell\v1.0\;C:\WINDOWS\System32\OpenSSH\;C:\Program Files\Intel\WiFi\bin\;C:\Program Files\Common Files\Intel\WirelessCommon\;E:\NetSarang\Xshell 7\;%JAVA_HOME%\bin;D:\Python\Python39\Scripts\;D:\Python\Python39\;C:\Users\PC\AppData\Local\Microsoft\WindowsApps;C:\Program Files\Bandizip\;D:\Python\anaconda3\Lib\site-packages;;D:\Python\JetBrains\PyCharm Community Edition 2021.2.2\bin;;.]上找不到基于APR的Apache Tomcat本机库，该库允许在生产环境中获得最佳性能
11-Mar-2022 20:30:40.179 信息 [main] org.apache.coyote.AbstractProtocol.init 初始化协议处理器 ["http-nio-8080"]
11-Mar-2022 20:30:40.210 信息 [main] org.apache.catalina.startup.Catalina.load 服务器在[629]毫秒内初始化
11-Mar-2022 20:30:40.267 信息 [main] org.apache.catalina.core.StandardService.startInternal 正在启动服务[Catalina]
11-Mar-2022 20:30:40.267 信息 [main] org.apache.catalina.core.StandardEngine.startInternal 正在启动 Servlet 引擎：[Apache Tomcat/10.0.17]
11-Mar-2022 20:30:40.280 信息 [main] org.apache.catalina.startup.HostConfig.deployDirectory 把web 应用程序部署到目录 [D:\web\apache-tomcat-10.0.17\webapps\ch1]
11-Mar-2022 20:30:40.722 信息 [main] org.apache.catalina.startup.HostConfig.deployDirectory Web应用程序目录[D:\web\apache-tomcat-10.0.17\webapps\ch1]的部署已在[439]毫秒内完成
11-Mar-2022 20:30:40.723 信息 [main] org.apache.catalina.startup.HostConfig.deployDirectory 把web 应用程序部署到目录 [D:\web\apache-tomcat-10.0.17\webapps\ch2]
11-Mar-2022 20:30:40.756 信息 [main] org.apache.catalina.startup.HostConfig.deployDirectory Web应用程序目录[D:\web\apache-tomcat-10.0.17\webapps\ch2]的部署已在[32]毫秒内完成
11-Mar-2022 20:30:40.756 信息 [main] org.apache.catalina.startup.HostConfig.deployDirectory 把web 应用程序部署到目录 [D:\web\apache-tomcat-10.0.17\webapps\docs]
11-Mar-2022 20:30:40.785 信息 [main] org.apache.catalina.startup.HostConfig.deployDirectory Web应用程序目录[D:\web\apache-tomcat-10.0.17\webapps\docs]的部署已在[29]毫秒内完成
11-Mar-2022 20:30:40.786 信息 [main] org.apache.catalina.startup.HostConfig.deployDirectory 把web 应用程序部署到目录 [D:\web\apache-tomcat-10.0.17\webapps\examples]
11-Mar-2022 20:30:41.137 信息 [main] org.apache.catalina.startup.HostConfig.deployDirectory Web应用程序目录[D:\web\apache-tomcat-10.0.17\webapps\examples]的部署已在[352]毫秒内完成
11-Mar-2022 20:30:41.138 信息 [main] org.apache.catalina.startup.HostConfig.deployDirectory 把web 应用程序部署到目录 [D:\web\apache-tomcat-10.0.17\webapps\host-manager]
11-Mar-2022 20:30:41.180 信息 [main] org.apache.catalina.startup.HostConfig.deployDirectory Web应用程序目录[D:\web\apache-tomcat-10.0.17\webapps\host-manager]的部署已在[42]毫秒内完成
11-Mar-2022 20:30:41.180 信息 [main] org.apache.catalina.startup.HostConfig.deployDirectory 把web 应用程序部署到目录 [D:\web\apache-tomcat-10.0.17\webapps\manager]
11-Mar-2022 20:30:41.220 信息 [main] org.apache.catalina.startup.HostConfig.deployDirectory Web应用程序目录[D:\web\apache-tomcat-10.0.17\webapps\manager]的部署已在[40]毫秒内完成
11-Mar-2022 20:30:41.221 信息 [main] org.apache.catalina.startup.HostConfig.deployDirectory 把web 应用程序部署到目录 [D:\web\apache-tomcat-10.0.17\webapps\movie]
11-Mar-2022 20:30:41.241 信息 [main] org.apache.catalina.startup.HostConfig.deployDirectory Web应用程序目录[D:\web\apache-tomcat-10.0.17\webapps\movie]的部署已在[20]毫秒内完成
11-Mar-2022 20:30:41.241 信息 [main] org.apache.catalina.startup.HostConfig.deployDirectory 把web 应用程序部署到目录 [D:\web\apache-tomcat-10.0.17\webapps\ROOT]
11-Mar-2022 20:30:41.266 信息 [main] org.apache.catalina.startup.HostConfig.deployDirectory Web应用程序目录[D:\web\apache-tomcat-10.0.17\webapps\ROOT]的部署已在[25]毫秒内完成
11-Mar-2022 20:30:41.267 信息 [main] org.apache.catalina.startup.HostConfig.deployDirectory 把web 应用程序部署到目录 [D:\web\apache-tomcat-10.0.17\webapps\作业一]
11-Mar-2022 20:30:41.294 信息 [main] org.apache.catalina.startup.HostConfig.deployDirectory Web应用程序目录[D:\web\apache-tomcat-10.0.17\webapps\作业一]的部署已在[27]毫秒内完成
11-Mar-2022 20:30:41.298 信息 [main] org.apache.coyote.AbstractProtocol.start 开始协议处理句柄["http-nio-8080"]
11-Mar-2022 20:30:41.367 信息 [main] org.apache.catalina.startup.Catalina.start [1156]毫秒后服务器启动
11-Mar-2022 23:26:20.571 严重 [main] org.apache.catalina.startup.Catalina.stopServer 无法联系[localhost:8005]（基端口[8005]和偏移量[0]）。Tomcat可能不在运行。
11-Mar-2022 23:26:23.690 信息 [main] org.apache.catalina.startup.VersionLoggerListener.log Server.服务器版本: Apache Tomcat/10.0.17
11-Mar-2022 23:26:23.704 信息 [main] org.apache.catalina.startup.VersionLoggerListener.log 服务器构建:        Feb 21 2022 19:36:49 UTC
11-Mar-2022 23:26:23.704 信息 [main] org.apache.catalina.startup.VersionLoggerListener.log 服务器版本号:      10.0.17.0
11-Mar-2022 23:26:23.704 信息 [main] org.apache.catalina.startup.VersionLoggerListener.log 操作系统名称:      Windows 11
11-Mar-2022 23:26:23.704 信息 [main] org.apache.catalina.startup.VersionLoggerListener.log OS.版本:           10.0
11-Mar-2022 23:26:23.704 信息 [main] org.apache.catalina.startup.VersionLoggerListener.log 架构:              amd64
11-Mar-2022 23:26:23.704 信息 [main] org.apache.catalina.startup.VersionLoggerListener.log Java 环境变量:     D:\web\jdk-17.0.2
11-Mar-2022 23:26:23.704 信息 [main] org.apache.catalina.startup.VersionLoggerListener.log Java虚拟机版本:    17.0.2+8-LTS-86
11-Mar-2022 23:26:23.704 信息 [main] org.apache.catalina.startup.VersionLoggerListener.log JVM.供应商:        Oracle Corporation
11-Mar-2022 23:26:23.704 信息 [main] org.apache.catalina.startup.VersionLoggerListener.log CATALINA_BASE:     D:\web\apache-tomcat-10.0.17
11-Mar-2022 23:26:23.704 信息 [main] org.apache.catalina.startup.VersionLoggerListener.log CATALINA_HOME:     D:\web\apache-tomcat-10.0.17
11-Mar-2022 23:26:23.718 信息 [main] org.apache.catalina.startup.VersionLoggerListener.log 命令行参数：       --add-opens=java.base/java.lang=ALL-UNNAMED
11-Mar-2022 23:26:23.718 信息 [main] org.apache.catalina.startup.VersionLoggerListener.log 命令行参数：       --add-opens=java.base/java.io=ALL-UNNAMED
11-Mar-2022 23:26:23.718 信息 [main] org.apache.catalina.startup.VersionLoggerListener.log 命令行参数：       --add-opens=java.base/java.util=ALL-UNNAMED
11-Mar-2022 23:26:23.718 信息 [main] org.apache.catalina.startup.VersionLoggerListener.log 命令行参数：       --add-opens=java.base/java.util.concurrent=ALL-UNNAMED
11-Mar-2022 23:26:23.718 信息 [main] org.apache.catalina.startup.VersionLoggerListener.log 命令行参数：       --add-opens=java.rmi/sun.rmi.transport=ALL-UNNAMED
11-Mar-2022 23:26:23.718 信息 [main] org.apache.catalina.startup.VersionLoggerListener.log 命令行参数：       -Djava.util.logging.config.file=D:\web\apache-tomcat-10.0.17\conf\logging.properties
11-Mar-2022 23:26:23.718 信息 [main] org.apache.catalina.startup.VersionLoggerListener.log 命令行参数：       -Djava.util.logging.manager=org.apache.juli.ClassLoaderLogManager
11-Mar-2022 23:26:23.718 信息 [main] org.apache.catalina.startup.VersionLoggerListener.log 命令行参数：       -Djdk.tls.ephemeralDHKeySize=2048
11-Mar-2022 23:26:23.718 信息 [main] org.apache.catalina.startup.VersionLoggerListener.log 命令行参数：       -Djava.protocol.handler.pkgs=org.apache.catalina.webresources
11-Mar-2022 23:26:23.718 信息 [main] org.apache.catalina.startup.VersionLoggerListener.log 命令行参数：       -Dignore.endorsed.dirs=
11-Mar-2022 23:26:23.718 信息 [main] org.apache.catalina.startup.VersionLoggerListener.log 命令行参数：       -Dcatalina.base=D:\web\apache-tomcat-10.0.17
11-Mar-2022 23:26:23.718 信息 [main] org.apache.catalina.startup.VersionLoggerListener.log 命令行参数：       -Dcatalina.home=D:\web\apache-tomcat-10.0.17
11-Mar-2022 23:26:23.718 信息 [main] org.apache.catalina.startup.VersionLoggerListener.log 命令行参数：       -Djava.io.tmpdir=D:\web\apache-tomcat-10.0.17\temp
11-Mar-2022 23:26:23.718 信息 [main] org.apache.catalina.core.AprLifecycleListener.lifecycleEvent 在java.library.path:[D:\web\jdk-17.0.2\bin;C:\WINDOWS\Sun\Java\bin;C:\WINDOWS\system32;C:\WINDOWS;C:\Program Files\Common Files\Oracle\Java\javapath;C:\WINDOWS\system32;C:\WINDOWS;C:\WINDOWS\System32\Wbem;C:\WINDOWS\System32\WindowsPowerShell\v1.0\;C:\WINDOWS\System32\OpenSSH\;C:\Program Files\Intel\WiFi\bin\;C:\Program Files\Common Files\Intel\WirelessCommon\;E:\NetSarang\Xshell 7\;%JAVA_HOME%\bin;D:\Python\Python39\Scripts\;D:\Python\Python39\;C:\Users\PC\AppData\Local\Microsoft\WindowsApps;C:\Program Files\Bandizip\;D:\Python\anaconda3\Lib\site-packages;;D:\Python\JetBrains\PyCharm Community Edition 2021.2.2\bin;;.]上找不到基于APR的Apache Tomcat本机库，该库允许在生产环境中获得最佳性能
11-Mar-2022 23:26:24.030 信息 [main] org.apache.coyote.AbstractProtocol.init 初始化协议处理器 ["http-nio-8080"]
11-Mar-2022 23:26:24.062 信息 [main] org.apache.catalina.startup.Catalina.load 服务器在[599]毫秒内初始化
11-Mar-2022 23:26:24.124 信息 [main] org.apache.catalina.core.StandardService.startInternal 正在启动服务[Catalina]
11-Mar-2022 23:26:24.124 信息 [main] org.apache.catalina.core.StandardEngine.startInternal 正在启动 Servlet 引擎：[Apache Tomcat/10.0.17]
11-Mar-2022 23:26:24.140 信息 [main] org.apache.catalina.startup.HostConfig.deployDirectory 把web 应用程序部署到目录 [D:\web\apache-tomcat-10.0.17\webapps\ch1]
11-Mar-2022 23:26:24.515 信息 [main] org.apache.catalina.startup.HostConfig.deployDirectory Web应用程序目录[D:\web\apache-tomcat-10.0.17\webapps\ch1]的部署已在[375]毫秒内完成
11-Mar-2022 23:26:24.515 信息 [main] org.apache.catalina.startup.HostConfig.deployDirectory 把web 应用程序部署到目录 [D:\web\apache-tomcat-10.0.17\webapps\ch2]
11-Mar-2022 23:26:24.531 信息 [main] org.apache.catalina.startup.HostConfig.deployDirectory Web应用程序目录[D:\web\apache-tomcat-10.0.17\webapps\ch2]的部署已在[16]毫秒内完成
11-Mar-2022 23:26:24.531 信息 [main] org.apache.catalina.startup.HostConfig.deployDirectory 把web 应用程序部署到目录 [D:\web\apache-tomcat-10.0.17\webapps\docs]
11-Mar-2022 23:26:24.562 信息 [main] org.apache.catalina.startup.HostConfig.deployDirectory Web应用程序目录[D:\web\apache-tomcat-10.0.17\webapps\docs]的部署已在[31]毫秒内完成
11-Mar-2022 23:26:24.562 信息 [main] org.apache.catalina.startup.HostConfig.deployDirectory 把web 应用程序部署到目录 [D:\web\apache-tomcat-10.0.17\webapps\examples]
11-Mar-2022 23:26:24.891 信息 [main] org.apache.catalina.startup.HostConfig.deployDirectory Web应用程序目录[D:\web\apache-tomcat-10.0.17\webapps\examples]的部署已在[329]毫秒内完成
11-Mar-2022 23:26:24.891 信息 [main] org.apache.catalina.startup.HostConfig.deployDirectory 把web 应用程序部署到目录 [D:\web\apache-tomcat-10.0.17\webapps\host-manager]
11-Mar-2022 23:26:24.938 信息 [main] org.apache.catalina.startup.HostConfig.deployDirectory Web应用程序目录[D:\web\apache-tomcat-10.0.17\webapps\host-manager]的部署已在[47]毫秒内完成
11-Mar-2022 23:26:24.938 信息 [main] org.apache.catalina.startup.HostConfig.deployDirectory 把web 应用程序部署到目录 [D:\web\apache-tomcat-10.0.17\webapps\manager]
11-Mar-2022 23:26:24.969 信息 [main] org.apache.catalina.startup.HostConfig.deployDirectory Web应用程序目录[D:\web\apache-tomcat-10.0.17\webapps\manager]的部署已在[31]毫秒内完成
11-Mar-2022 23:26:24.969 信息 [main] org.apache.catalina.startup.HostConfig.deployDirectory 把web 应用程序部署到目录 [D:\web\apache-tomcat-10.0.17\webapps\movie]
11-Mar-2022 23:26:25.000 信息 [main] org.apache.catalina.startup.HostConfig.deployDirectory Web应用程序目录[D:\web\apache-tomcat-10.0.17\webapps\movie]的部署已在[31]毫秒内完成
11-Mar-2022 23:26:25.000 信息 [main] org.apache.catalina.startup.HostConfig.deployDirectory 把web 应用程序部署到目录 [D:\web\apache-tomcat-10.0.17\webapps\ROOT]
11-Mar-2022 23:26:25.016 信息 [main] org.apache.catalina.startup.HostConfig.deployDirectory Web应用程序目录[D:\web\apache-tomcat-10.0.17\webapps\ROOT]的部署已在[16]毫秒内完成
11-Mar-2022 23:26:25.016 信息 [main] org.apache.catalina.startup.HostConfig.deployDirectory 把web 应用程序部署到目录 [D:\web\apache-tomcat-10.0.17\webapps\作业一]
11-Mar-2022 23:26:25.047 信息 [main] org.apache.catalina.startup.HostConfig.deployDirectory Web应用程序目录[D:\web\apache-tomcat-10.0.17\webapps\作业一]的部署已在[31]毫秒内完成
11-Mar-2022 23:26:25.057 信息 [main] org.apache.coyote.AbstractProtocol.start 开始协议处理句柄["http-nio-8080"]
11-Mar-2022 23:26:25.148 信息 [main] org.apache.catalina.startup.Catalina.start [1073]毫秒后服务器启动
