NOTE: Picked up JDK_JAVA_OPTIONS:  --add-opens=java.base/java.lang=ALL-UNNAMED --add-opens=java.base/java.io=ALL-UNNAMED --add-opens=java.base/java.util=ALL-UNNAMED --add-opens=java.base/java.util.concurrent=ALL-UNNAMED --add-opens=java.rmi/sun.rmi.transport=ALL-UNNAMED
10-Mar-2022 21:50:40.630 信息 [main] org.apache.catalina.startup.VersionLoggerListener.log Server.服务器版本: Apache Tomcat/10.0.17
10-Mar-2022 21:50:40.636 信息 [main] org.apache.catalina.startup.VersionLoggerListener.log 服务器构建:        Feb 21 2022 19:36:49 UTC
10-Mar-2022 21:50:40.636 信息 [main] org.apache.catalina.startup.VersionLoggerListener.log 服务器版本号:      10.0.17.0
10-Mar-2022 21:50:40.637 信息 [main] org.apache.catalina.startup.VersionLoggerListener.log 操作系统名称:      Windows 11
10-Mar-2022 21:50:40.637 信息 [main] org.apache.catalina.startup.VersionLoggerListener.log OS.版本:           10.0
10-Mar-2022 21:50:40.638 信息 [main] org.apache.catalina.startup.VersionLoggerListener.log 架构:              amd64
10-Mar-2022 21:50:40.638 信息 [main] org.apache.catalina.startup.VersionLoggerListener.log Java 环境变量:     D:\web\jdk-17.0.2
10-Mar-2022 21:50:40.638 信息 [main] org.apache.catalina.startup.VersionLoggerListener.log Java虚拟机版本:    17.0.2+8-LTS-86
10-Mar-2022 21:50:40.639 信息 [main] org.apache.catalina.startup.VersionLoggerListener.log JVM.供应商:        Oracle Corporation
10-Mar-2022 21:50:40.639 信息 [main] org.apache.catalina.startup.VersionLoggerListener.log CATALINA_BASE:     D:\web\apache-tomcat-10.0.17
10-Mar-2022 21:50:40.639 信息 [main] org.apache.catalina.startup.VersionLoggerListener.log CATALINA_HOME:     D:\web\apache-tomcat-10.0.17
10-Mar-2022 21:50:40.655 信息 [main] org.apache.catalina.startup.VersionLoggerListener.log 命令行参数：       --add-opens=java.base/java.lang=ALL-UNNAMED
10-Mar-2022 21:50:40.656 信息 [main] org.apache.catalina.startup.VersionLoggerListener.log 命令行参数：       --add-opens=java.base/java.io=ALL-UNNAMED
10-Mar-2022 21:50:40.656 信息 [main] org.apache.catalina.startup.VersionLoggerListener.log 命令行参数：       --add-opens=java.base/java.util=ALL-UNNAMED
10-Mar-2022 21:50:40.656 信息 [main] org.apache.catalina.startup.VersionLoggerListener.log 命令行参数：       --add-opens=java.base/java.util.concurrent=ALL-UNNAMED
10-Mar-2022 21:50:40.656 信息 [main] org.apache.catalina.startup.VersionLoggerListener.log 命令行参数：       --add-opens=java.rmi/sun.rmi.transport=ALL-UNNAMED
10-Mar-2022 21:50:40.657 信息 [main] org.apache.catalina.startup.VersionLoggerListener.log 命令行参数：       -Djava.util.logging.config.file=D:/web/apache-tomcat-10.0.17/conf/logging.properties
10-Mar-2022 21:50:40.657 信息 [main] org.apache.catalina.startup.VersionLoggerListener.log 命令行参数：       -Djava.util.logging.manager=org.apache.juli.ClassLoaderLogManager
10-Mar-2022 21:50:40.657 信息 [main] org.apache.catalina.startup.VersionLoggerListener.log 命令行参数：       -Djdk.tls.ephemeralDHKeySize=2048
10-Mar-2022 21:50:40.657 信息 [main] org.apache.catalina.startup.VersionLoggerListener.log 命令行参数：       -Djava.protocol.handler.pkgs=org.apache.catalina.webresources
10-Mar-2022 21:50:40.657 信息 [main] org.apache.catalina.startup.VersionLoggerListener.log 命令行参数：       -Dorg.apache.catalina.security.SecurityListener.UMASK=0027
10-Mar-2022 21:50:40.657 信息 [main] org.apache.catalina.startup.VersionLoggerListener.log 命令行参数：       -Dignore.endorsed.dirs=
10-Mar-2022 21:50:40.658 信息 [main] org.apache.catalina.startup.VersionLoggerListener.log 命令行参数：       -Dcatalina.base=D:/web/apache-tomcat-10.0.17
10-Mar-2022 21:50:40.658 信息 [main] org.apache.catalina.startup.VersionLoggerListener.log 命令行参数：       -Dcatalina.home=D:/web/apache-tomcat-10.0.17
10-Mar-2022 21:50:40.658 信息 [main] org.apache.catalina.startup.VersionLoggerListener.log 命令行参数：       -Djava.io.tmpdir=D:/web/apache-tomcat-10.0.17/temp
10-Mar-2022 21:50:40.665 信息 [main] org.apache.catalina.core.AprLifecycleListener.lifecycleEvent 在java.library.path:[D:\web\jdk-17.0.2\bin;C:\WINDOWS\Sun\Java\bin;C:\WINDOWS\system32;C:\WINDOWS;C:\Users\PC\bin;D:\Git\mingw64\bin;D:\Git\usr\local\bin;D:\Git\usr\bin;D:\Git\usr\bin;D:\Git\mingw64\bin;D:\Git\usr\bin;C:\Users\PC\bin;C:\Program Files\Common Files\Oracle\Java\javapath;C:\WINDOWS\system32;C:\WINDOWS;C:\WINDOWS\System32\Wbem;C:\WINDOWS\System32\WindowsPowerShell\v1.0;C:\WINDOWS\System32\OpenSSH;C:\Program Files\Intel\WiFi\bin;C:\Program Files\Common Files\Intel\WirelessCommon;E:\NetSarang\Xshell 7;D:\web\jdk-17.0.2\bin;D:\Python\Python39\Scripts;D:\Python\Python39;C:\Users\PC\AppData\Local\Microsoft\WindowsApps;C:\Program Files\Bandizip;D:\Python\anaconda3\Lib\site-packages;D:\Python\JetBrains\PyCharm Community Edition 2021.2.2\bin;D:\Git\usr\bin\vendor_perl;D:\Git\usr\bin\core_perl;.]上找不到基于APR的Apache Tomcat本机库，该库允许在生产环境中获得最佳性能
10-Mar-2022 21:50:41.228 信息 [main] org.apache.coyote.AbstractProtocol.init 初始化协议处理器 ["http-nio-8080"]
10-Mar-2022 21:50:41.285 信息 [main] org.apache.catalina.startup.Catalina.load 服务器在[931]毫秒内初始化
10-Mar-2022 21:50:41.370 信息 [main] org.apache.catalina.core.StandardService.startInternal 正在启动服务[Catalina]
10-Mar-2022 21:50:41.370 信息 [main] org.apache.catalina.core.StandardEngine.startInternal 正在启动 Servlet 引擎：[Apache Tomcat/10.0.17]
10-Mar-2022 21:50:41.406 信息 [main] org.apache.catalina.startup.HostConfig.deployDirectory 把web 应用程序部署到目录 [D:\web\apache-tomcat-10.0.17\webapps\ch1]
10-Mar-2022 21:50:41.999 信息 [main] org.apache.catalina.startup.HostConfig.deployDirectory Web应用程序目录[D:\web\apache-tomcat-10.0.17\webapps\ch1]的部署已在[585]毫秒内完成
10-Mar-2022 21:50:41.999 信息 [main] org.apache.catalina.startup.HostConfig.deployDirectory 把web 应用程序部署到目录 [D:\web\apache-tomcat-10.0.17\webapps\ch2]
10-Mar-2022 21:50:42.047 信息 [main] org.apache.catalina.startup.HostConfig.deployDirectory Web应用程序目录[D:\web\apache-tomcat-10.0.17\webapps\ch2]的部署已在[47]毫秒内完成
10-Mar-2022 21:50:42.048 信息 [main] org.apache.catalina.startup.HostConfig.deployDirectory 把web 应用程序部署到目录 [D:\web\apache-tomcat-10.0.17\webapps\docs]
10-Mar-2022 21:50:42.087 信息 [main] org.apache.catalina.startup.HostConfig.deployDirectory Web应用程序目录[D:\web\apache-tomcat-10.0.17\webapps\docs]的部署已在[40]毫秒内完成
10-Mar-2022 21:50:42.089 信息 [main] org.apache.catalina.startup.HostConfig.deployDirectory 把web 应用程序部署到目录 [D:\web\apache-tomcat-10.0.17\webapps\examples]
10-Mar-2022 21:50:42.736 信息 [main] org.apache.catalina.startup.HostConfig.deployDirectory Web应用程序目录[D:\web\apache-tomcat-10.0.17\webapps\examples]的部署已在[648]毫秒内完成
10-Mar-2022 21:50:42.737 信息 [main] org.apache.catalina.startup.HostConfig.deployDirectory 把web 应用程序部署到目录 [D:\web\apache-tomcat-10.0.17\webapps\host-manager]
10-Mar-2022 21:50:42.801 信息 [main] org.apache.catalina.startup.HostConfig.deployDirectory Web应用程序目录[D:\web\apache-tomcat-10.0.17\webapps\host-manager]的部署已在[64]毫秒内完成
10-Mar-2022 21:50:42.801 信息 [main] org.apache.catalina.startup.HostConfig.deployDirectory 把web 应用程序部署到目录 [D:\web\apache-tomcat-10.0.17\webapps\manager]
10-Mar-2022 21:50:42.868 信息 [main] org.apache.catalina.startup.HostConfig.deployDirectory Web应用程序目录[D:\web\apache-tomcat-10.0.17\webapps\manager]的部署已在[67]毫秒内完成
10-Mar-2022 21:50:42.869 信息 [main] org.apache.catalina.startup.HostConfig.deployDirectory 把web 应用程序部署到目录 [D:\web\apache-tomcat-10.0.17\webapps\ROOT]
10-Mar-2022 21:50:42.902 信息 [main] org.apache.catalina.startup.HostConfig.deployDirectory Web应用程序目录[D:\web\apache-tomcat-10.0.17\webapps\ROOT]的部署已在[32]毫秒内完成
10-Mar-2022 21:50:42.902 信息 [main] org.apache.catalina.startup.HostConfig.deployDirectory 把web 应用程序部署到目录 [D:\web\apache-tomcat-10.0.17\webapps\作业一]
10-Mar-2022 21:50:42.949 信息 [main] org.apache.catalina.startup.HostConfig.deployDirectory Web应用程序目录[D:\web\apache-tomcat-10.0.17\webapps\作业一]的部署已在[47]毫秒内完成
10-Mar-2022 21:50:42.956 信息 [main] org.apache.coyote.AbstractProtocol.start 开始协议处理句柄["http-nio-8080"]
10-Mar-2022 21:50:43.048 信息 [main] org.apache.catalina.startup.Catalina.start [1762]毫秒后服务器启动
