02-Mar-2022 23:22:45.205 信息 [main] org.apache.catalina.startup.VersionLoggerListener.log Server.服务器版本: Apache Tomcat/10.0.17
02-Mar-2022 23:22:45.216 信息 [main] org.apache.catalina.startup.VersionLoggerListener.log 服务器构建:        Feb 21 2022 19:36:49 UTC
02-Mar-2022 23:22:45.216 信息 [main] org.apache.catalina.startup.VersionLoggerListener.log 服务器版本号:      10.0.17.0
02-Mar-2022 23:22:45.216 信息 [main] org.apache.catalina.startup.VersionLoggerListener.log 操作系统名称:      Windows 11
02-Mar-2022 23:22:45.216 信息 [main] org.apache.catalina.startup.VersionLoggerListener.log OS.版本:           10.0
02-Mar-2022 23:22:45.216 信息 [main] org.apache.catalina.startup.VersionLoggerListener.log 架构:              amd64
02-Mar-2022 23:22:45.216 信息 [main] org.apache.catalina.startup.VersionLoggerListener.log Java 环境变量:     D:\web\jdk-17.0.2
02-Mar-2022 23:22:45.216 信息 [main] org.apache.catalina.startup.VersionLoggerListener.log Java虚拟机版本:    17.0.2+8-LTS-86
02-Mar-2022 23:22:45.216 信息 [main] org.apache.catalina.startup.VersionLoggerListener.log JVM.供应商:        Oracle Corporation
02-Mar-2022 23:22:45.216 信息 [main] org.apache.catalina.startup.VersionLoggerListener.log CATALINA_BASE:     D:\web\apache-tomcat-10.0.17
02-Mar-2022 23:22:45.216 信息 [main] org.apache.catalina.startup.VersionLoggerListener.log CATALINA_HOME:     D:\web\apache-tomcat-10.0.17
02-Mar-2022 23:22:45.228 信息 [main] org.apache.catalina.startup.VersionLoggerListener.log 命令行参数：       --add-opens=java.base/java.lang=ALL-UNNAMED
02-Mar-2022 23:22:45.228 信息 [main] org.apache.catalina.startup.VersionLoggerListener.log 命令行参数：       --add-opens=java.base/java.io=ALL-UNNAMED
02-Mar-2022 23:22:45.228 信息 [main] org.apache.catalina.startup.VersionLoggerListener.log 命令行参数：       --add-opens=java.base/java.util=ALL-UNNAMED
02-Mar-2022 23:22:45.228 信息 [main] org.apache.catalina.startup.VersionLoggerListener.log 命令行参数：       --add-opens=java.base/java.util.concurrent=ALL-UNNAMED
02-Mar-2022 23:22:45.228 信息 [main] org.apache.catalina.startup.VersionLoggerListener.log 命令行参数：       --add-opens=java.rmi/sun.rmi.transport=ALL-UNNAMED
02-Mar-2022 23:22:45.228 信息 [main] org.apache.catalina.startup.VersionLoggerListener.log 命令行参数：       -Djava.util.logging.config.file=D:\web\apache-tomcat-10.0.17\conf\logging.properties
02-Mar-2022 23:22:45.228 信息 [main] org.apache.catalina.startup.VersionLoggerListener.log 命令行参数：       -Djava.util.logging.manager=org.apache.juli.ClassLoaderLogManager
02-Mar-2022 23:22:45.228 信息 [main] org.apache.catalina.startup.VersionLoggerListener.log 命令行参数：       -Djdk.tls.ephemeralDHKeySize=2048
02-Mar-2022 23:22:45.228 信息 [main] org.apache.catalina.startup.VersionLoggerListener.log 命令行参数：       -Djava.protocol.handler.pkgs=org.apache.catalina.webresources
02-Mar-2022 23:22:45.228 信息 [main] org.apache.catalina.startup.VersionLoggerListener.log 命令行参数：       -Dignore.endorsed.dirs=
02-Mar-2022 23:22:45.228 信息 [main] org.apache.catalina.startup.VersionLoggerListener.log 命令行参数：       -Dcatalina.base=D:\web\apache-tomcat-10.0.17
02-Mar-2022 23:22:45.228 信息 [main] org.apache.catalina.startup.VersionLoggerListener.log 命令行参数：       -Dcatalina.home=D:\web\apache-tomcat-10.0.17
02-Mar-2022 23:22:45.228 信息 [main] org.apache.catalina.startup.VersionLoggerListener.log 命令行参数：       -Djava.io.tmpdir=D:\web\apache-tomcat-10.0.17\temp
02-Mar-2022 23:22:45.243 信息 [main] org.apache.catalina.core.AprLifecycleListener.lifecycleEvent 在java.library.path:[D:\web\jdk-17.0.2\bin;C:\WINDOWS\Sun\Java\bin;C:\WINDOWS\system32;C:\WINDOWS;C:\Program Files\Common Files\Oracle\Java\javapath;C:\WINDOWS\system32;C:\WINDOWS;C:\WINDOWS\System32\Wbem;C:\WINDOWS\System32\WindowsPowerShell\v1.0\;C:\WINDOWS\System32\OpenSSH\;C:\Program Files\Intel\WiFi\bin\;C:\Program Files\Common Files\Intel\WirelessCommon\;E:\NetSarang\Xshell 7\;D:\web\jdk-17.0.2\bin;D:\Python\Python39\Scripts\;D:\Python\Python39\;C:\Users\PC\AppData\Local\Microsoft\WindowsApps;C:\Program Files\Bandizip\;D:\Python\anaconda3\Lib\site-packages;;D:\Python\JetBrains\PyCharm Community Edition 2021.2.2\bin;;.]上找不到基于APR的Apache Tomcat本机库，该库允许在生产环境中获得最佳性能
02-Mar-2022 23:22:45.572 信息 [main] org.apache.coyote.AbstractProtocol.init 初始化协议处理器 ["http-nio-8080"]
02-Mar-2022 23:22:45.606 信息 [main] org.apache.catalina.startup.Catalina.load 服务器在[633]毫秒内初始化
02-Mar-2022 23:22:45.650 信息 [main] org.apache.catalina.core.StandardService.startInternal 正在启动服务[Catalina]
02-Mar-2022 23:22:45.650 信息 [main] org.apache.catalina.core.StandardEngine.startInternal 正在启动 Servlet 引擎：[Apache Tomcat/10.0.17]
02-Mar-2022 23:22:45.666 信息 [main] org.apache.catalina.startup.HostConfig.deployDirectory 把web 应用程序部署到目录 [D:\web\apache-tomcat-10.0.17\webapps\docs]
02-Mar-2022 23:22:46.150 信息 [main] org.apache.catalina.startup.HostConfig.deployDirectory Web应用程序目录[D:\web\apache-tomcat-10.0.17\webapps\docs]的部署已在[484]毫秒内完成
02-Mar-2022 23:22:46.166 信息 [main] org.apache.catalina.startup.HostConfig.deployDirectory 把web 应用程序部署到目录 [D:\web\apache-tomcat-10.0.17\webapps\examples]
02-Mar-2022 23:22:46.558 信息 [main] org.apache.catalina.startup.HostConfig.deployDirectory Web应用程序目录[D:\web\apache-tomcat-10.0.17\webapps\examples]的部署已在[392]毫秒内完成
02-Mar-2022 23:22:46.573 信息 [main] org.apache.catalina.startup.HostConfig.deployDirectory 把web 应用程序部署到目录 [D:\web\apache-tomcat-10.0.17\webapps\host-manager]
02-Mar-2022 23:22:46.620 信息 [main] org.apache.catalina.startup.HostConfig.deployDirectory Web应用程序目录[D:\web\apache-tomcat-10.0.17\webapps\host-manager]的部署已在[47]毫秒内完成
02-Mar-2022 23:22:46.636 信息 [main] org.apache.catalina.startup.HostConfig.deployDirectory 把web 应用程序部署到目录 [D:\web\apache-tomcat-10.0.17\webapps\manager]
02-Mar-2022 23:22:46.667 信息 [main] org.apache.catalina.startup.HostConfig.deployDirectory Web应用程序目录[D:\web\apache-tomcat-10.0.17\webapps\manager]的部署已在[31]毫秒内完成
02-Mar-2022 23:22:46.683 信息 [main] org.apache.catalina.startup.HostConfig.deployDirectory 把web 应用程序部署到目录 [D:\web\apache-tomcat-10.0.17\webapps\ROOT]
02-Mar-2022 23:22:46.698 信息 [main] org.apache.catalina.startup.HostConfig.deployDirectory Web应用程序目录[D:\web\apache-tomcat-10.0.17\webapps\ROOT]的部署已在[15]毫秒内完成
02-Mar-2022 23:22:46.713 信息 [main] org.apache.coyote.AbstractProtocol.start 开始协议处理句柄["http-nio-8080"]
02-Mar-2022 23:22:46.775 信息 [main] org.apache.catalina.startup.Catalina.start [1174]毫秒后服务器启动
02-Mar-2022 23:24:38.514 信息 [main] org.apache.catalina.startup.VersionLoggerListener.log Server.服务器版本: Apache Tomcat/10.0.17
02-Mar-2022 23:24:38.522 信息 [main] org.apache.catalina.startup.VersionLoggerListener.log 服务器构建:        Feb 21 2022 19:36:49 UTC
02-Mar-2022 23:24:38.522 信息 [main] org.apache.catalina.startup.VersionLoggerListener.log 服务器版本号:      10.0.17.0
02-Mar-2022 23:24:38.522 信息 [main] org.apache.catalina.startup.VersionLoggerListener.log 操作系统名称:      Windows 11
02-Mar-2022 23:24:38.522 信息 [main] org.apache.catalina.startup.VersionLoggerListener.log OS.版本:           10.0
02-Mar-2022 23:24:38.522 信息 [main] org.apache.catalina.startup.VersionLoggerListener.log 架构:              amd64
02-Mar-2022 23:24:38.522 信息 [main] org.apache.catalina.startup.VersionLoggerListener.log Java 环境变量:     D:\web\jdk-17.0.2
02-Mar-2022 23:24:38.522 信息 [main] org.apache.catalina.startup.VersionLoggerListener.log Java虚拟机版本:    17.0.2+8-LTS-86
02-Mar-2022 23:24:38.522 信息 [main] org.apache.catalina.startup.VersionLoggerListener.log JVM.供应商:        Oracle Corporation
02-Mar-2022 23:24:38.522 信息 [main] org.apache.catalina.startup.VersionLoggerListener.log CATALINA_BASE:     D:\web\apache-tomcat-10.0.17
02-Mar-2022 23:24:38.522 信息 [main] org.apache.catalina.startup.VersionLoggerListener.log CATALINA_HOME:     D:\web\apache-tomcat-10.0.17
02-Mar-2022 23:24:38.536 信息 [main] org.apache.catalina.startup.VersionLoggerListener.log 命令行参数：       --add-opens=java.base/java.lang=ALL-UNNAMED
02-Mar-2022 23:24:38.536 信息 [main] org.apache.catalina.startup.VersionLoggerListener.log 命令行参数：       --add-opens=java.base/java.io=ALL-UNNAMED
02-Mar-2022 23:24:38.536 信息 [main] org.apache.catalina.startup.VersionLoggerListener.log 命令行参数：       --add-opens=java.base/java.util=ALL-UNNAMED
02-Mar-2022 23:24:38.536 信息 [main] org.apache.catalina.startup.VersionLoggerListener.log 命令行参数：       --add-opens=java.base/java.util.concurrent=ALL-UNNAMED
02-Mar-2022 23:24:38.536 信息 [main] org.apache.catalina.startup.VersionLoggerListener.log 命令行参数：       --add-opens=java.rmi/sun.rmi.transport=ALL-UNNAMED
02-Mar-2022 23:24:38.536 信息 [main] org.apache.catalina.startup.VersionLoggerListener.log 命令行参数：       -Djava.util.logging.config.file=D:\web\apache-tomcat-10.0.17\conf\logging.properties
02-Mar-2022 23:24:38.536 信息 [main] org.apache.catalina.startup.VersionLoggerListener.log 命令行参数：       -Djava.util.logging.manager=org.apache.juli.ClassLoaderLogManager
02-Mar-2022 23:24:38.536 信息 [main] org.apache.catalina.startup.VersionLoggerListener.log 命令行参数：       -Djdk.tls.ephemeralDHKeySize=2048
02-Mar-2022 23:24:38.536 信息 [main] org.apache.catalina.startup.VersionLoggerListener.log 命令行参数：       -Djava.protocol.handler.pkgs=org.apache.catalina.webresources
02-Mar-2022 23:24:38.536 信息 [main] org.apache.catalina.startup.VersionLoggerListener.log 命令行参数：       -Dignore.endorsed.dirs=
02-Mar-2022 23:24:38.536 信息 [main] org.apache.catalina.startup.VersionLoggerListener.log 命令行参数：       -Dcatalina.base=D:\web\apache-tomcat-10.0.17
02-Mar-2022 23:24:38.536 信息 [main] org.apache.catalina.startup.VersionLoggerListener.log 命令行参数：       -Dcatalina.home=D:\web\apache-tomcat-10.0.17
02-Mar-2022 23:24:38.536 信息 [main] org.apache.catalina.startup.VersionLoggerListener.log 命令行参数：       -Djava.io.tmpdir=D:\web\apache-tomcat-10.0.17\temp
02-Mar-2022 23:24:38.551 信息 [main] org.apache.catalina.core.AprLifecycleListener.lifecycleEvent 在java.library.path:[D:\web\jdk-17.0.2\bin;C:\WINDOWS\Sun\Java\bin;C:\WINDOWS\system32;C:\WINDOWS;C:\Program Files\Common Files\Oracle\Java\javapath;C:\WINDOWS\system32;C:\WINDOWS;C:\WINDOWS\System32\Wbem;C:\WINDOWS\System32\WindowsPowerShell\v1.0\;C:\WINDOWS\System32\OpenSSH\;C:\Program Files\Intel\WiFi\bin\;C:\Program Files\Common Files\Intel\WirelessCommon\;E:\NetSarang\Xshell 7\;D:\web\jdk-17.0.2\bin;D:\Python\Python39\Scripts\;D:\Python\Python39\;C:\Users\PC\AppData\Local\Microsoft\WindowsApps;C:\Program Files\Bandizip\;D:\Python\anaconda3\Lib\site-packages;;D:\Python\JetBrains\PyCharm Community Edition 2021.2.2\bin;;.]上找不到基于APR的Apache Tomcat本机库，该库允许在生产环境中获得最佳性能
02-Mar-2022 23:24:38.848 信息 [main] org.apache.coyote.AbstractProtocol.init 初始化协议处理器 ["http-nio-8080"]
02-Mar-2022 23:24:38.864 信息 [main] org.apache.catalina.startup.Catalina.load 服务器在[610]毫秒内初始化
02-Mar-2022 23:24:38.911 信息 [main] org.apache.catalina.core.StandardService.startInternal 正在启动服务[Catalina]
02-Mar-2022 23:24:38.911 信息 [main] org.apache.catalina.core.StandardEngine.startInternal 正在启动 Servlet 引擎：[Apache Tomcat/10.0.17]
02-Mar-2022 23:24:38.927 信息 [main] org.apache.catalina.startup.HostConfig.deployDirectory 把web 应用程序部署到目录 [D:\web\apache-tomcat-10.0.17\webapps\docs]
02-Mar-2022 23:24:39.271 信息 [main] org.apache.catalina.startup.HostConfig.deployDirectory Web应用程序目录[D:\web\apache-tomcat-10.0.17\webapps\docs]的部署已在[344]毫秒内完成
02-Mar-2022 23:24:39.271 信息 [main] org.apache.catalina.startup.HostConfig.deployDirectory 把web 应用程序部署到目录 [D:\web\apache-tomcat-10.0.17\webapps\examples]
02-Mar-2022 23:24:39.620 信息 [main] org.apache.catalina.startup.HostConfig.deployDirectory Web应用程序目录[D:\web\apache-tomcat-10.0.17\webapps\examples]的部署已在[349]毫秒内完成
02-Mar-2022 23:24:39.620 信息 [main] org.apache.catalina.startup.HostConfig.deployDirectory 把web 应用程序部署到目录 [D:\web\apache-tomcat-10.0.17\webapps\host-manager]
02-Mar-2022 23:24:39.661 信息 [main] org.apache.catalina.startup.HostConfig.deployDirectory Web应用程序目录[D:\web\apache-tomcat-10.0.17\webapps\host-manager]的部署已在[41]毫秒内完成
02-Mar-2022 23:24:39.661 信息 [main] org.apache.catalina.startup.HostConfig.deployDirectory 把web 应用程序部署到目录 [D:\web\apache-tomcat-10.0.17\webapps\manager]
02-Mar-2022 23:24:39.692 信息 [main] org.apache.catalina.startup.HostConfig.deployDirectory Web应用程序目录[D:\web\apache-tomcat-10.0.17\webapps\manager]的部署已在[31]毫秒内完成
02-Mar-2022 23:24:39.692 信息 [main] org.apache.catalina.startup.HostConfig.deployDirectory 把web 应用程序部署到目录 [D:\web\apache-tomcat-10.0.17\webapps\ROOT]
02-Mar-2022 23:24:39.724 信息 [main] org.apache.catalina.startup.HostConfig.deployDirectory Web应用程序目录[D:\web\apache-tomcat-10.0.17\webapps\ROOT]的部署已在[32]毫秒内完成
02-Mar-2022 23:24:39.732 信息 [main] org.apache.coyote.AbstractProtocol.start 开始协议处理句柄["http-nio-8080"]
02-Mar-2022 23:24:39.795 信息 [main] org.apache.catalina.startup.Catalina.start [918]毫秒后服务器启动
02-Mar-2022 23:30:11.352 信息 [main] org.apache.catalina.startup.VersionLoggerListener.log Server.服务器版本: Apache Tomcat/10.0.17
02-Mar-2022 23:30:11.365 信息 [main] org.apache.catalina.startup.VersionLoggerListener.log 服务器构建:        Feb 21 2022 19:36:49 UTC
02-Mar-2022 23:30:11.365 信息 [main] org.apache.catalina.startup.VersionLoggerListener.log 服务器版本号:      10.0.17.0
02-Mar-2022 23:30:11.367 信息 [main] org.apache.catalina.startup.VersionLoggerListener.log 操作系统名称:      Windows 11
02-Mar-2022 23:30:11.367 信息 [main] org.apache.catalina.startup.VersionLoggerListener.log OS.版本:           10.0
02-Mar-2022 23:30:11.367 信息 [main] org.apache.catalina.startup.VersionLoggerListener.log 架构:              amd64
02-Mar-2022 23:30:11.368 信息 [main] org.apache.catalina.startup.VersionLoggerListener.log Java 环境变量:     D:\web\jdk-17.0.2
02-Mar-2022 23:30:11.368 信息 [main] org.apache.catalina.startup.VersionLoggerListener.log Java虚拟机版本:    17.0.2+8-LTS-86
02-Mar-2022 23:30:11.368 信息 [main] org.apache.catalina.startup.VersionLoggerListener.log JVM.供应商:        Oracle Corporation
02-Mar-2022 23:30:11.368 信息 [main] org.apache.catalina.startup.VersionLoggerListener.log CATALINA_BASE:     D:\web\apache-tomcat-10.0.17
02-Mar-2022 23:30:11.369 信息 [main] org.apache.catalina.startup.VersionLoggerListener.log CATALINA_HOME:     D:\web\apache-tomcat-10.0.17
02-Mar-2022 23:30:11.381 信息 [main] org.apache.catalina.startup.VersionLoggerListener.log 命令行参数：       --add-opens=java.base/java.lang=ALL-UNNAMED
02-Mar-2022 23:30:11.381 信息 [main] org.apache.catalina.startup.VersionLoggerListener.log 命令行参数：       --add-opens=java.base/java.io=ALL-UNNAMED
02-Mar-2022 23:30:11.381 信息 [main] org.apache.catalina.startup.VersionLoggerListener.log 命令行参数：       --add-opens=java.base/java.util=ALL-UNNAMED
02-Mar-2022 23:30:11.381 信息 [main] org.apache.catalina.startup.VersionLoggerListener.log 命令行参数：       --add-opens=java.base/java.util.concurrent=ALL-UNNAMED
02-Mar-2022 23:30:11.381 信息 [main] org.apache.catalina.startup.VersionLoggerListener.log 命令行参数：       --add-opens=java.rmi/sun.rmi.transport=ALL-UNNAMED
02-Mar-2022 23:30:11.381 信息 [main] org.apache.catalina.startup.VersionLoggerListener.log 命令行参数：       -Djava.util.logging.config.file=D:\web\apache-tomcat-10.0.17\conf\logging.properties
02-Mar-2022 23:30:11.381 信息 [main] org.apache.catalina.startup.VersionLoggerListener.log 命令行参数：       -Djava.util.logging.manager=org.apache.juli.ClassLoaderLogManager
02-Mar-2022 23:30:11.381 信息 [main] org.apache.catalina.startup.VersionLoggerListener.log 命令行参数：       -Djdk.tls.ephemeralDHKeySize=2048
02-Mar-2022 23:30:11.381 信息 [main] org.apache.catalina.startup.VersionLoggerListener.log 命令行参数：       -Djava.protocol.handler.pkgs=org.apache.catalina.webresources
02-Mar-2022 23:30:11.381 信息 [main] org.apache.catalina.startup.VersionLoggerListener.log 命令行参数：       -Dignore.endorsed.dirs=
02-Mar-2022 23:30:11.381 信息 [main] org.apache.catalina.startup.VersionLoggerListener.log 命令行参数：       -Dcatalina.base=D:\web\apache-tomcat-10.0.17
02-Mar-2022 23:30:11.381 信息 [main] org.apache.catalina.startup.VersionLoggerListener.log 命令行参数：       -Dcatalina.home=D:\web\apache-tomcat-10.0.17
02-Mar-2022 23:30:11.381 信息 [main] org.apache.catalina.startup.VersionLoggerListener.log 命令行参数：       -Djava.io.tmpdir=D:\web\apache-tomcat-10.0.17\temp
02-Mar-2022 23:30:11.381 信息 [main] org.apache.catalina.core.AprLifecycleListener.lifecycleEvent 在java.library.path:[D:\web\jdk-17.0.2\bin;C:\WINDOWS\Sun\Java\bin;C:\WINDOWS\system32;C:\WINDOWS;C:\Program Files\Common Files\Oracle\Java\javapath;C:\WINDOWS\system32;C:\WINDOWS;C:\WINDOWS\System32\Wbem;C:\WINDOWS\System32\WindowsPowerShell\v1.0\;C:\WINDOWS\System32\OpenSSH\;C:\Program Files\Intel\WiFi\bin\;C:\Program Files\Common Files\Intel\WirelessCommon\;E:\NetSarang\Xshell 7\;D:\web\jdk-17.0.2\bin;D:\Python\Python39\Scripts\;D:\Python\Python39\;C:\Users\PC\AppData\Local\Microsoft\WindowsApps;C:\Program Files\Bandizip\;D:\Python\anaconda3\Lib\site-packages;;D:\Python\JetBrains\PyCharm Community Edition 2021.2.2\bin;;.]上找不到基于APR的Apache Tomcat本机库，该库允许在生产环境中获得最佳性能
02-Mar-2022 23:30:11.694 信息 [main] org.apache.coyote.AbstractProtocol.init 初始化协议处理器 ["http-nio-8080"]
02-Mar-2022 23:30:11.710 严重 [main] org.apache.catalina.util.LifecycleBase.handleSubClassException 初始化组件[Connector[HTTP/1.1-8080]]失败。
	org.apache.catalina.LifecycleException: 协议处理程序初始化失败
		at org.apache.catalina.connector.Connector.initInternal(Connector.java:1055)
		at org.apache.catalina.util.LifecycleBase.init(LifecycleBase.java:136)
		at org.apache.catalina.core.StandardService.initInternal(StandardService.java:556)
		at org.apache.catalina.util.LifecycleBase.init(LifecycleBase.java:136)
		at org.apache.catalina.core.StandardServer.initInternal(StandardServer.java:1042)
		at org.apache.catalina.util.LifecycleBase.init(LifecycleBase.java:136)
		at org.apache.catalina.startup.Catalina.load(Catalina.java:747)
		at org.apache.catalina.startup.Catalina.load(Catalina.java:769)
		at java.base/jdk.internal.reflect.NativeMethodAccessorImpl.invoke0(Native Method)
		at java.base/jdk.internal.reflect.NativeMethodAccessorImpl.invoke(NativeMethodAccessorImpl.java:77)
		at java.base/jdk.internal.reflect.DelegatingMethodAccessorImpl.invoke(DelegatingMethodAccessorImpl.java:43)
		at java.base/java.lang.reflect.Method.invoke(Method.java:568)
		at org.apache.catalina.startup.Bootstrap.load(Bootstrap.java:305)
		at org.apache.catalina.startup.Bootstrap.main(Bootstrap.java:475)
	Caused by: java.net.BindException: Address already in use: bind
		at java.base/sun.nio.ch.Net.bind0(Native Method)
		at java.base/sun.nio.ch.Net.bind(Net.java:555)
		at java.base/sun.nio.ch.ServerSocketChannelImpl.netBind(ServerSocketChannelImpl.java:337)
		at java.base/sun.nio.ch.ServerSocketChannelImpl.bind(ServerSocketChannelImpl.java:294)
		at org.apache.tomcat.util.net.NioEndpoint.initServerSocket(NioEndpoint.java:245)
		at org.apache.tomcat.util.net.NioEndpoint.bind(NioEndpoint.java:200)
		at org.apache.tomcat.util.net.AbstractEndpoint.bindWithCleanup(AbstractEndpoint.java:1192)
		at org.apache.tomcat.util.net.AbstractEndpoint.init(AbstractEndpoint.java:1205)
		at org.apache.coyote.AbstractProtocol.init(AbstractProtocol.java:580)
		at org.apache.coyote.http11.AbstractHttp11Protocol.init(AbstractHttp11Protocol.java:82)
		at org.apache.catalina.connector.Connector.initInternal(Connector.java:1052)
		... 13 more
02-Mar-2022 23:30:11.714 信息 [main] org.apache.catalina.startup.Catalina.load 服务器在[576]毫秒内初始化
02-Mar-2022 23:30:11.760 信息 [main] org.apache.catalina.core.StandardService.startInternal 正在启动服务[Catalina]
02-Mar-2022 23:30:11.760 信息 [main] org.apache.catalina.core.StandardEngine.startInternal 正在启动 Servlet 引擎：[Apache Tomcat/10.0.17]
02-Mar-2022 23:30:11.776 信息 [main] org.apache.catalina.startup.HostConfig.deployDirectory 把web 应用程序部署到目录 [D:\web\apache-tomcat-10.0.17\webapps\ch1]
02-Mar-2022 23:30:12.104 信息 [main] org.apache.catalina.startup.HostConfig.deployDirectory Web应用程序目录[D:\web\apache-tomcat-10.0.17\webapps\ch1]的部署已在[328]毫秒内完成
02-Mar-2022 23:30:12.104 信息 [main] org.apache.catalina.startup.HostConfig.deployDirectory 把web 应用程序部署到目录 [D:\web\apache-tomcat-10.0.17\webapps\docs]
02-Mar-2022 23:30:12.120 信息 [main] org.apache.catalina.startup.HostConfig.deployDirectory Web应用程序目录[D:\web\apache-tomcat-10.0.17\webapps\docs]的部署已在[16]毫秒内完成
02-Mar-2022 23:30:12.120 信息 [main] org.apache.catalina.startup.HostConfig.deployDirectory 把web 应用程序部署到目录 [D:\web\apache-tomcat-10.0.17\webapps\examples]
02-Mar-2022 23:30:12.479 信息 [main] org.apache.catalina.startup.HostConfig.deployDirectory Web应用程序目录[D:\web\apache-tomcat-10.0.17\webapps\examples]的部署已在[359]毫秒内完成
02-Mar-2022 23:30:12.479 信息 [main] org.apache.catalina.startup.HostConfig.deployDirectory 把web 应用程序部署到目录 [D:\web\apache-tomcat-10.0.17\webapps\host-manager]
02-Mar-2022 23:30:12.526 信息 [main] org.apache.catalina.startup.HostConfig.deployDirectory Web应用程序目录[D:\web\apache-tomcat-10.0.17\webapps\host-manager]的部署已在[47]毫秒内完成
02-Mar-2022 23:30:12.526 信息 [main] org.apache.catalina.startup.HostConfig.deployDirectory 把web 应用程序部署到目录 [D:\web\apache-tomcat-10.0.17\webapps\manager]
02-Mar-2022 23:30:12.557 信息 [main] org.apache.catalina.startup.HostConfig.deployDirectory Web应用程序目录[D:\web\apache-tomcat-10.0.17\webapps\manager]的部署已在[31]毫秒内完成
02-Mar-2022 23:30:12.557 信息 [main] org.apache.catalina.startup.HostConfig.deployDirectory 把web 应用程序部署到目录 [D:\web\apache-tomcat-10.0.17\webapps\ROOT]
02-Mar-2022 23:30:12.573 信息 [main] org.apache.catalina.startup.HostConfig.deployDirectory Web应用程序目录[D:\web\apache-tomcat-10.0.17\webapps\ROOT]的部署已在[16]毫秒内完成
02-Mar-2022 23:30:12.592 信息 [main] org.apache.catalina.startup.Catalina.start [878]毫秒后服务器启动
02-Mar-2022 23:30:41.136 信息 [main] org.apache.catalina.startup.VersionLoggerListener.log Server.服务器版本: Apache Tomcat/10.0.17
02-Mar-2022 23:30:41.154 信息 [main] org.apache.catalina.startup.VersionLoggerListener.log 服务器构建:        Feb 21 2022 19:36:49 UTC
02-Mar-2022 23:30:41.154 信息 [main] org.apache.catalina.startup.VersionLoggerListener.log 服务器版本号:      10.0.17.0
02-Mar-2022 23:30:41.154 信息 [main] org.apache.catalina.startup.VersionLoggerListener.log 操作系统名称:      Windows 11
02-Mar-2022 23:30:41.154 信息 [main] org.apache.catalina.startup.VersionLoggerListener.log OS.版本:           10.0
02-Mar-2022 23:30:41.154 信息 [main] org.apache.catalina.startup.VersionLoggerListener.log 架构:              amd64
02-Mar-2022 23:30:41.154 信息 [main] org.apache.catalina.startup.VersionLoggerListener.log Java 环境变量:     D:\web\jdk-17.0.2
02-Mar-2022 23:30:41.154 信息 [main] org.apache.catalina.startup.VersionLoggerListener.log Java虚拟机版本:    17.0.2+8-LTS-86
02-Mar-2022 23:30:41.154 信息 [main] org.apache.catalina.startup.VersionLoggerListener.log JVM.供应商:        Oracle Corporation
02-Mar-2022 23:30:41.154 信息 [main] org.apache.catalina.startup.VersionLoggerListener.log CATALINA_BASE:     D:\web\apache-tomcat-10.0.17
02-Mar-2022 23:30:41.154 信息 [main] org.apache.catalina.startup.VersionLoggerListener.log CATALINA_HOME:     D:\web\apache-tomcat-10.0.17
02-Mar-2022 23:30:41.168 信息 [main] org.apache.catalina.startup.VersionLoggerListener.log 命令行参数：       --add-opens=java.base/java.lang=ALL-UNNAMED
02-Mar-2022 23:30:41.168 信息 [main] org.apache.catalina.startup.VersionLoggerListener.log 命令行参数：       --add-opens=java.base/java.io=ALL-UNNAMED
02-Mar-2022 23:30:41.168 信息 [main] org.apache.catalina.startup.VersionLoggerListener.log 命令行参数：       --add-opens=java.base/java.util=ALL-UNNAMED
02-Mar-2022 23:30:41.168 信息 [main] org.apache.catalina.startup.VersionLoggerListener.log 命令行参数：       --add-opens=java.base/java.util.concurrent=ALL-UNNAMED
02-Mar-2022 23:30:41.168 信息 [main] org.apache.catalina.startup.VersionLoggerListener.log 命令行参数：       --add-opens=java.rmi/sun.rmi.transport=ALL-UNNAMED
02-Mar-2022 23:30:41.168 信息 [main] org.apache.catalina.startup.VersionLoggerListener.log 命令行参数：       -Djava.util.logging.config.file=D:\web\apache-tomcat-10.0.17\conf\logging.properties
02-Mar-2022 23:30:41.168 信息 [main] org.apache.catalina.startup.VersionLoggerListener.log 命令行参数：       -Djava.util.logging.manager=org.apache.juli.ClassLoaderLogManager
02-Mar-2022 23:30:41.168 信息 [main] org.apache.catalina.startup.VersionLoggerListener.log 命令行参数：       -Djdk.tls.ephemeralDHKeySize=2048
02-Mar-2022 23:30:41.168 信息 [main] org.apache.catalina.startup.VersionLoggerListener.log 命令行参数：       -Djava.protocol.handler.pkgs=org.apache.catalina.webresources
02-Mar-2022 23:30:41.168 信息 [main] org.apache.catalina.startup.VersionLoggerListener.log 命令行参数：       -Dignore.endorsed.dirs=
02-Mar-2022 23:30:41.168 信息 [main] org.apache.catalina.startup.VersionLoggerListener.log 命令行参数：       -Dcatalina.base=D:\web\apache-tomcat-10.0.17
02-Mar-2022 23:30:41.168 信息 [main] org.apache.catalina.startup.VersionLoggerListener.log 命令行参数：       -Dcatalina.home=D:\web\apache-tomcat-10.0.17
02-Mar-2022 23:30:41.168 信息 [main] org.apache.catalina.startup.VersionLoggerListener.log 命令行参数：       -Djava.io.tmpdir=D:\web\apache-tomcat-10.0.17\temp
02-Mar-2022 23:30:41.168 信息 [main] org.apache.catalina.core.AprLifecycleListener.lifecycleEvent 在java.library.path:[D:\web\jdk-17.0.2\bin;C:\WINDOWS\Sun\Java\bin;C:\WINDOWS\system32;C:\WINDOWS;C:\Program Files\Common Files\Oracle\Java\javapath;C:\WINDOWS\system32;C:\WINDOWS;C:\WINDOWS\System32\Wbem;C:\WINDOWS\System32\WindowsPowerShell\v1.0\;C:\WINDOWS\System32\OpenSSH\;C:\Program Files\Intel\WiFi\bin\;C:\Program Files\Common Files\Intel\WirelessCommon\;E:\NetSarang\Xshell 7\;D:\web\jdk-17.0.2\bin;D:\Python\Python39\Scripts\;D:\Python\Python39\;C:\Users\PC\AppData\Local\Microsoft\WindowsApps;C:\Program Files\Bandizip\;D:\Python\anaconda3\Lib\site-packages;;D:\Python\JetBrains\PyCharm Community Edition 2021.2.2\bin;;.]上找不到基于APR的Apache Tomcat本机库，该库允许在生产环境中获得最佳性能
02-Mar-2022 23:30:41.465 信息 [main] org.apache.coyote.AbstractProtocol.init 初始化协议处理器 ["http-nio-8080"]
02-Mar-2022 23:30:41.496 信息 [main] org.apache.catalina.startup.Catalina.load 服务器在[581]毫秒内初始化
02-Mar-2022 23:30:41.559 信息 [main] org.apache.catalina.core.StandardService.startInternal 正在启动服务[Catalina]
02-Mar-2022 23:30:41.559 信息 [main] org.apache.catalina.core.StandardEngine.startInternal 正在启动 Servlet 引擎：[Apache Tomcat/10.0.17]
02-Mar-2022 23:30:41.559 信息 [main] org.apache.catalina.startup.HostConfig.deployDirectory 把web 应用程序部署到目录 [D:\web\apache-tomcat-10.0.17\webapps\ch1]
02-Mar-2022 23:30:41.949 信息 [main] org.apache.catalina.startup.HostConfig.deployDirectory Web应用程序目录[D:\web\apache-tomcat-10.0.17\webapps\ch1]的部署已在[375]毫秒内完成
02-Mar-2022 23:30:41.949 信息 [main] org.apache.catalina.startup.HostConfig.deployDirectory 把web 应用程序部署到目录 [D:\web\apache-tomcat-10.0.17\webapps\docs]
02-Mar-2022 23:30:41.981 信息 [main] org.apache.catalina.startup.HostConfig.deployDirectory Web应用程序目录[D:\web\apache-tomcat-10.0.17\webapps\docs]的部署已在[32]毫秒内完成
02-Mar-2022 23:30:41.981 信息 [main] org.apache.catalina.startup.HostConfig.deployDirectory 把web 应用程序部署到目录 [D:\web\apache-tomcat-10.0.17\webapps\examples]
02-Mar-2022 23:30:42.340 信息 [main] org.apache.catalina.startup.HostConfig.deployDirectory Web应用程序目录[D:\web\apache-tomcat-10.0.17\webapps\examples]的部署已在[359]毫秒内完成
02-Mar-2022 23:30:42.340 信息 [main] org.apache.catalina.startup.HostConfig.deployDirectory 把web 应用程序部署到目录 [D:\web\apache-tomcat-10.0.17\webapps\host-manager]
02-Mar-2022 23:30:42.387 信息 [main] org.apache.catalina.startup.HostConfig.deployDirectory Web应用程序目录[D:\web\apache-tomcat-10.0.17\webapps\host-manager]的部署已在[47]毫秒内完成
02-Mar-2022 23:30:42.387 信息 [main] org.apache.catalina.startup.HostConfig.deployDirectory 把web 应用程序部署到目录 [D:\web\apache-tomcat-10.0.17\webapps\manager]
02-Mar-2022 23:30:42.418 信息 [main] org.apache.catalina.startup.HostConfig.deployDirectory Web应用程序目录[D:\web\apache-tomcat-10.0.17\webapps\manager]的部署已在[31]毫秒内完成
02-Mar-2022 23:30:42.418 信息 [main] org.apache.catalina.startup.HostConfig.deployDirectory 把web 应用程序部署到目录 [D:\web\apache-tomcat-10.0.17\webapps\ROOT]
02-Mar-2022 23:30:42.449 信息 [main] org.apache.catalina.startup.HostConfig.deployDirectory Web应用程序目录[D:\web\apache-tomcat-10.0.17\webapps\ROOT]的部署已在[31]毫秒内完成
02-Mar-2022 23:30:42.458 信息 [main] org.apache.coyote.AbstractProtocol.start 开始协议处理句柄["http-nio-8080"]
02-Mar-2022 23:30:42.520 信息 [main] org.apache.catalina.startup.Catalina.start [1013]毫秒后服务器启动
02-Mar-2022 23:39:36.430 信息 [main] org.apache.catalina.startup.VersionLoggerListener.log Server.服务器版本: Apache Tomcat/10.0.17
02-Mar-2022 23:39:36.436 信息 [main] org.apache.catalina.startup.VersionLoggerListener.log 服务器构建:        Feb 21 2022 19:36:49 UTC
02-Mar-2022 23:39:36.436 信息 [main] org.apache.catalina.startup.VersionLoggerListener.log 服务器版本号:      10.0.17.0
02-Mar-2022 23:39:36.436 信息 [main] org.apache.catalina.startup.VersionLoggerListener.log 操作系统名称:      Windows 11
02-Mar-2022 23:39:36.436 信息 [main] org.apache.catalina.startup.VersionLoggerListener.log OS.版本:           10.0
02-Mar-2022 23:39:36.436 信息 [main] org.apache.catalina.startup.VersionLoggerListener.log 架构:              amd64
02-Mar-2022 23:39:36.436 信息 [main] org.apache.catalina.startup.VersionLoggerListener.log Java 环境变量:     D:\web\jdk-17.0.2
02-Mar-2022 23:39:36.436 信息 [main] org.apache.catalina.startup.VersionLoggerListener.log Java虚拟机版本:    17.0.2+8-LTS-86
02-Mar-2022 23:39:36.436 信息 [main] org.apache.catalina.startup.VersionLoggerListener.log JVM.供应商:        Oracle Corporation
02-Mar-2022 23:39:36.436 信息 [main] org.apache.catalina.startup.VersionLoggerListener.log CATALINA_BASE:     D:\web\apache-tomcat-10.0.17
02-Mar-2022 23:39:36.436 信息 [main] org.apache.catalina.startup.VersionLoggerListener.log CATALINA_HOME:     D:\web\apache-tomcat-10.0.17
02-Mar-2022 23:39:36.452 信息 [main] org.apache.catalina.startup.VersionLoggerListener.log 命令行参数：       --add-opens=java.base/java.lang=ALL-UNNAMED
02-Mar-2022 23:39:36.452 信息 [main] org.apache.catalina.startup.VersionLoggerListener.log 命令行参数：       --add-opens=java.base/java.io=ALL-UNNAMED
02-Mar-2022 23:39:36.452 信息 [main] org.apache.catalina.startup.VersionLoggerListener.log 命令行参数：       --add-opens=java.base/java.util=ALL-UNNAMED
02-Mar-2022 23:39:36.452 信息 [main] org.apache.catalina.startup.VersionLoggerListener.log 命令行参数：       --add-opens=java.base/java.util.concurrent=ALL-UNNAMED
02-Mar-2022 23:39:36.452 信息 [main] org.apache.catalina.startup.VersionLoggerListener.log 命令行参数：       --add-opens=java.rmi/sun.rmi.transport=ALL-UNNAMED
02-Mar-2022 23:39:36.452 信息 [main] org.apache.catalina.startup.VersionLoggerListener.log 命令行参数：       -Djava.util.logging.config.file=D:\web\apache-tomcat-10.0.17\conf\logging.properties
02-Mar-2022 23:39:36.452 信息 [main] org.apache.catalina.startup.VersionLoggerListener.log 命令行参数：       -Djava.util.logging.manager=org.apache.juli.ClassLoaderLogManager
02-Mar-2022 23:39:36.452 信息 [main] org.apache.catalina.startup.VersionLoggerListener.log 命令行参数：       -Djdk.tls.ephemeralDHKeySize=2048
02-Mar-2022 23:39:36.452 信息 [main] org.apache.catalina.startup.VersionLoggerListener.log 命令行参数：       -Djava.protocol.handler.pkgs=org.apache.catalina.webresources
02-Mar-2022 23:39:36.452 信息 [main] org.apache.catalina.startup.VersionLoggerListener.log 命令行参数：       -Dignore.endorsed.dirs=
02-Mar-2022 23:39:36.452 信息 [main] org.apache.catalina.startup.VersionLoggerListener.log 命令行参数：       -Dcatalina.base=D:\web\apache-tomcat-10.0.17
02-Mar-2022 23:39:36.452 信息 [main] org.apache.catalina.startup.VersionLoggerListener.log 命令行参数：       -Dcatalina.home=D:\web\apache-tomcat-10.0.17
02-Mar-2022 23:39:36.452 信息 [main] org.apache.catalina.startup.VersionLoggerListener.log 命令行参数：       -Djava.io.tmpdir=D:\web\apache-tomcat-10.0.17\temp
02-Mar-2022 23:39:36.452 信息 [main] org.apache.catalina.core.AprLifecycleListener.lifecycleEvent 在java.library.path:[D:\web\jdk-17.0.2\bin;C:\WINDOWS\Sun\Java\bin;C:\WINDOWS\system32;C:\WINDOWS;C:\Program Files\Common Files\Oracle\Java\javapath;C:\WINDOWS\system32;C:\WINDOWS;C:\WINDOWS\System32\Wbem;C:\WINDOWS\System32\WindowsPowerShell\v1.0\;C:\WINDOWS\System32\OpenSSH\;C:\Program Files\Intel\WiFi\bin\;C:\Program Files\Common Files\Intel\WirelessCommon\;E:\NetSarang\Xshell 7\;D:\web\jdk-17.0.2\bin;D:\Python\Python39\Scripts\;D:\Python\Python39\;C:\Users\PC\AppData\Local\Microsoft\WindowsApps;C:\Program Files\Bandizip\;D:\Python\anaconda3\Lib\site-packages;;D:\Python\JetBrains\PyCharm Community Edition 2021.2.2\bin;;.]上找不到基于APR的Apache Tomcat本机库，该库允许在生产环境中获得最佳性能
02-Mar-2022 23:39:36.764 信息 [main] org.apache.coyote.AbstractProtocol.init 初始化协议处理器 ["http-nio-8080"]
02-Mar-2022 23:39:36.795 信息 [main] org.apache.catalina.startup.Catalina.load 服务器在[593]毫秒内初始化
02-Mar-2022 23:39:36.842 信息 [main] org.apache.catalina.core.StandardService.startInternal 正在启动服务[Catalina]
02-Mar-2022 23:39:36.842 信息 [main] org.apache.catalina.core.StandardEngine.startInternal 正在启动 Servlet 引擎：[Apache Tomcat/10.0.17]
02-Mar-2022 23:39:36.858 信息 [main] org.apache.catalina.startup.HostConfig.deployDirectory 把web 应用程序部署到目录 [D:\web\apache-tomcat-10.0.17\webapps\docs]
02-Mar-2022 23:39:37.202 信息 [main] org.apache.catalina.startup.HostConfig.deployDirectory Web应用程序目录[D:\web\apache-tomcat-10.0.17\webapps\docs]的部署已在[344]毫秒内完成
02-Mar-2022 23:39:37.202 信息 [main] org.apache.catalina.startup.HostConfig.deployDirectory 把web 应用程序部署到目录 [D:\web\apache-tomcat-10.0.17\webapps\examples]
02-Mar-2022 23:39:37.577 信息 [main] org.apache.catalina.startup.HostConfig.deployDirectory Web应用程序目录[D:\web\apache-tomcat-10.0.17\webapps\examples]的部署已在[375]毫秒内完成
02-Mar-2022 23:39:37.577 信息 [main] org.apache.catalina.startup.HostConfig.deployDirectory 把web 应用程序部署到目录 [D:\web\apache-tomcat-10.0.17\webapps\host-manager]
02-Mar-2022 23:39:37.624 信息 [main] org.apache.catalina.startup.HostConfig.deployDirectory Web应用程序目录[D:\web\apache-tomcat-10.0.17\webapps\host-manager]的部署已在[47]毫秒内完成
02-Mar-2022 23:39:37.624 信息 [main] org.apache.catalina.startup.HostConfig.deployDirectory 把web 应用程序部署到目录 [D:\web\apache-tomcat-10.0.17\webapps\manager]
02-Mar-2022 23:39:37.655 信息 [main] org.apache.catalina.startup.HostConfig.deployDirectory Web应用程序目录[D:\web\apache-tomcat-10.0.17\webapps\manager]的部署已在[31]毫秒内完成
02-Mar-2022 23:39:37.655 信息 [main] org.apache.catalina.startup.HostConfig.deployDirectory 把web 应用程序部署到目录 [D:\web\apache-tomcat-10.0.17\webapps\ROOT]
02-Mar-2022 23:39:37.675 信息 [main] org.apache.catalina.startup.HostConfig.deployDirectory Web应用程序目录[D:\web\apache-tomcat-10.0.17\webapps\ROOT]的部署已在[20]毫秒内完成
02-Mar-2022 23:39:37.686 信息 [main] org.apache.coyote.AbstractProtocol.start 开始协议处理句柄["http-nio-8080"]
02-Mar-2022 23:39:37.733 信息 [main] org.apache.catalina.startup.Catalina.start [949]毫秒后服务器启动
02-Mar-2022 23:41:07.806 信息 [Catalina-utility-1] org.apache.catalina.startup.HostConfig.deployDirectory 把web 应用程序部署到目录 [D:\web\apache-tomcat-10.0.17\webapps\ch1]
02-Mar-2022 23:41:07.852 信息 [Catalina-utility-1] org.apache.catalina.startup.HostConfig.deployDirectory Web应用程序目录[D:\web\apache-tomcat-10.0.17\webapps\ch1]的部署已在[46]毫秒内完成
