10-Mar-2022 15:28:27.957 信息 [main] org.apache.catalina.core.ApplicationContext.log ContextListener: contextInitialized()
10-Mar-2022 15:28:27.957 信息 [main] org.apache.catalina.core.ApplicationContext.log SessionListener: contextInitialized()
10-Mar-2022 15:28:27.960 信息 [main] org.apache.catalina.core.ApplicationContext.log ContextListener: attributeAdded('StockTicker', 'async.Stockticker@f9d87b')
10-Mar-2022 16:29:57.565 严重 [http-nio-8080-exec-6] org.apache.catalina.core.StandardWrapperValve.invoke 在路径为/作业一的上下文中，Servlet[jsp]的Servlet.service（）引发了具有根本原因的异常无法为JSP编译类: 

JSP文件：[/希腊字母表.jsp] 的第 [15] 行发生了一个错误
Syntax error, insert ";" to complete Statement
12: <tr>
13: <td><%out.print(upperCase+"("+lowerCase+")");%></td>
14: <% if(upperCase=='螤')
15: out.print("</tr><tr>")
16:  if(upperCase=='螛')
17: out.print("</tr><tr>")
18: }%>


JSP文件：[/希腊字母表.jsp] 的第 [17] 行发生了一个错误
Syntax error, insert ";" to complete Statement
14: <% if(upperCase=='螤')
15: out.print("</tr><tr>")
16:  if(upperCase=='螛')
17: out.print("</tr><tr>")
18: }%>
19: </p></table></body></HTML>


Stacktrace:
	org.apache.jasper.JasperException: 无法为JSP编译类: 

JSP文件：[/希腊字母表.jsp] 的第 [15] 行发生了一个错误
Syntax error, insert ";" to complete Statement
12: <tr>
13: <td><%out.print(upperCase+"("+lowerCase+")");%></td>
14: <% if(upperCase=='螤')
15: out.print("</tr><tr>")
16:  if(upperCase=='螛')
17: out.print("</tr><tr>")
18: }%>


JSP文件：[/希腊字母表.jsp] 的第 [17] 行发生了一个错误
Syntax error, insert ";" to complete Statement
14: <% if(upperCase=='螤')
15: out.print("</tr><tr>")
16:  if(upperCase=='螛')
17: out.print("</tr><tr>")
18: }%>
19: </p></table></body></HTML>


Stacktrace:
		at org.apache.jasper.compiler.DefaultErrorHandler.javacError(DefaultErrorHandler.java:102)
		at org.apache.jasper.compiler.ErrorDispatcher.javacError(ErrorDispatcher.java:213)
		at org.apache.jasper.compiler.JDTCompiler.generateClass(JDTCompiler.java:498)
		at org.apache.jasper.compiler.Compiler.compile(Compiler.java:397)
		at org.apache.jasper.compiler.Compiler.compile(Compiler.java:367)
		at org.apache.jasper.compiler.Compiler.compile(Compiler.java:351)
		at org.apache.jasper.JspCompilationContext.compile(JspCompilationContext.java:603)
		at org.apache.jasper.servlet.JspServletWrapper.service(JspServletWrapper.java:399)
		at org.apache.jasper.servlet.JspServlet.serviceJspFile(JspServlet.java:380)
		at org.apache.jasper.servlet.JspServlet.service(JspServlet.java:328)
		at jakarta.servlet.http.HttpServlet.service(HttpServlet.java:777)
		at org.apache.catalina.core.ApplicationFilterChain.internalDoFilter(ApplicationFilterChain.java:223)
		at org.apache.catalina.core.ApplicationFilterChain.doFilter(ApplicationFilterChain.java:158)
		at org.apache.tomcat.websocket.server.WsFilter.doFilter(WsFilter.java:53)
		at org.apache.catalina.core.ApplicationFilterChain.internalDoFilter(ApplicationFilterChain.java:185)
		at org.apache.catalina.core.ApplicationFilterChain.doFilter(ApplicationFilterChain.java:158)
		at org.apache.catalina.core.StandardWrapperValve.invoke(StandardWrapperValve.java:197)
		at org.apache.catalina.core.StandardContextValve.invoke(StandardContextValve.java:97)
		at org.apache.catalina.authenticator.AuthenticatorBase.invoke(AuthenticatorBase.java:542)
		at org.apache.catalina.core.StandardHostValve.invoke(StandardHostValve.java:119)
		at org.apache.catalina.valves.ErrorReportValve.invoke(ErrorReportValve.java:92)
		at org.apache.catalina.valves.AbstractAccessLogValve.invoke(AbstractAccessLogValve.java:690)
		at org.apache.catalina.core.StandardEngineValve.invoke(StandardEngineValve.java:78)
		at org.apache.catalina.connector.CoyoteAdapter.service(CoyoteAdapter.java:355)
		at org.apache.coyote.http11.Http11Processor.service(Http11Processor.java:399)
		at org.apache.coyote.AbstractProcessorLight.process(AbstractProcessorLight.java:65)
		at org.apache.coyote.AbstractProtocol$ConnectionHandler.process(AbstractProtocol.java:866)
		at org.apache.tomcat.util.net.NioEndpoint$SocketProcessor.doRun(NioEndpoint.java:1716)
		at org.apache.tomcat.util.net.SocketProcessorBase.run(SocketProcessorBase.java:49)
		at org.apache.tomcat.util.threads.ThreadPoolExecutor.runWorker(ThreadPoolExecutor.java:1191)
		at org.apache.tomcat.util.threads.ThreadPoolExecutor$Worker.run(ThreadPoolExecutor.java:659)
		at org.apache.tomcat.util.threads.TaskThread$WrappingRunnable.run(TaskThread.java:61)
		at java.base/java.lang.Thread.run(Thread.java:833)
10-Mar-2022 16:37:13.573 严重 [http-nio-8080-exec-4] org.apache.catalina.core.StandardWrapperValve.invoke 在路径为/作业一的上下文中，Servlet[jsp]的Servlet.service（）引发了具有根本原因的异常无法为JSP编译类: 

在生成的java文件中的第：[133]行发生错误：[D:\web\apache-tomcat-10.0.17\work\Catalina\localhost\作业一\org\apache\jsp\希腊字母表_jsp.java]
Syntax error, insert "}" to complete Block

在生成的java文件中的第：[150]行发生错误：[D:\web\apache-tomcat-10.0.17\work\Catalina\localhost\作业一\org\apache\jsp\希腊字母表_jsp.java]
Syntax error on token "}", delete this token

在生成的java文件中的第：[151]行发生错误：[D:\web\apache-tomcat-10.0.17\work\Catalina\localhost\作业一\org\apache\jsp\希腊字母表_jsp.java]
Syntax error, insert "}" to complete ClassBody

Stacktrace:
	org.apache.jasper.JasperException: 无法为JSP编译类: 

在生成的java文件中的第：[133]行发生错误：[D:\web\apache-tomcat-10.0.17\work\Catalina\localhost\作业一\org\apache\jsp\希腊字母表_jsp.java]
Syntax error, insert "}" to complete Block

在生成的java文件中的第：[150]行发生错误：[D:\web\apache-tomcat-10.0.17\work\Catalina\localhost\作业一\org\apache\jsp\希腊字母表_jsp.java]
Syntax error on token "}", delete this token

在生成的java文件中的第：[151]行发生错误：[D:\web\apache-tomcat-10.0.17\work\Catalina\localhost\作业一\org\apache\jsp\希腊字母表_jsp.java]
Syntax error, insert "}" to complete ClassBody

Stacktrace:
		at org.apache.jasper.compiler.DefaultErrorHandler.javacError(DefaultErrorHandler.java:102)
		at org.apache.jasper.compiler.ErrorDispatcher.javacError(ErrorDispatcher.java:213)
		at org.apache.jasper.compiler.JDTCompiler.generateClass(JDTCompiler.java:498)
		at org.apache.jasper.compiler.Compiler.compile(Compiler.java:397)
		at org.apache.jasper.compiler.Compiler.compile(Compiler.java:367)
		at org.apache.jasper.compiler.Compiler.compile(Compiler.java:351)
		at org.apache.jasper.JspCompilationContext.compile(JspCompilationContext.java:603)
		at org.apache.jasper.servlet.JspServletWrapper.service(JspServletWrapper.java:399)
		at org.apache.jasper.servlet.JspServlet.serviceJspFile(JspServlet.java:380)
		at org.apache.jasper.servlet.JspServlet.service(JspServlet.java:328)
		at jakarta.servlet.http.HttpServlet.service(HttpServlet.java:777)
		at org.apache.catalina.core.ApplicationFilterChain.internalDoFilter(ApplicationFilterChain.java:223)
		at org.apache.catalina.core.ApplicationFilterChain.doFilter(ApplicationFilterChain.java:158)
		at org.apache.tomcat.websocket.server.WsFilter.doFilter(WsFilter.java:53)
		at org.apache.catalina.core.ApplicationFilterChain.internalDoFilter(ApplicationFilterChain.java:185)
		at org.apache.catalina.core.ApplicationFilterChain.doFilter(ApplicationFilterChain.java:158)
		at org.apache.catalina.core.StandardWrapperValve.invoke(StandardWrapperValve.java:197)
		at org.apache.catalina.core.StandardContextValve.invoke(StandardContextValve.java:97)
		at org.apache.catalina.authenticator.AuthenticatorBase.invoke(AuthenticatorBase.java:542)
		at org.apache.catalina.core.StandardHostValve.invoke(StandardHostValve.java:119)
		at org.apache.catalina.valves.ErrorReportValve.invoke(ErrorReportValve.java:92)
		at org.apache.catalina.valves.AbstractAccessLogValve.invoke(AbstractAccessLogValve.java:690)
		at org.apache.catalina.core.StandardEngineValve.invoke(StandardEngineValve.java:78)
		at org.apache.catalina.connector.CoyoteAdapter.service(CoyoteAdapter.java:355)
		at org.apache.coyote.http11.Http11Processor.service(Http11Processor.java:399)
		at org.apache.coyote.AbstractProcessorLight.process(AbstractProcessorLight.java:65)
		at org.apache.coyote.AbstractProtocol$ConnectionHandler.process(AbstractProtocol.java:866)
		at org.apache.tomcat.util.net.NioEndpoint$SocketProcessor.doRun(NioEndpoint.java:1716)
		at org.apache.tomcat.util.net.SocketProcessorBase.run(SocketProcessorBase.java:49)
		at org.apache.tomcat.util.threads.ThreadPoolExecutor.runWorker(ThreadPoolExecutor.java:1191)
		at org.apache.tomcat.util.threads.ThreadPoolExecutor$Worker.run(ThreadPoolExecutor.java:659)
		at org.apache.tomcat.util.threads.TaskThread$WrappingRunnable.run(TaskThread.java:61)
		at java.base/java.lang.Thread.run(Thread.java:833)
10-Mar-2022 16:37:17.922 严重 [http-nio-8080-exec-5] org.apache.catalina.core.StandardWrapperValve.invoke 在路径为/作业一的上下文中，Servlet[jsp]的Servlet.service（）引发了具有根本原因的异常无法为JSP编译类: 

在生成的java文件中的第：[133]行发生错误：[D:\web\apache-tomcat-10.0.17\work\Catalina\localhost\作业一\org\apache\jsp\希腊字母表_jsp.java]
Syntax error, insert "}" to complete Block

在生成的java文件中的第：[150]行发生错误：[D:\web\apache-tomcat-10.0.17\work\Catalina\localhost\作业一\org\apache\jsp\希腊字母表_jsp.java]
Syntax error on token "}", delete this token

在生成的java文件中的第：[151]行发生错误：[D:\web\apache-tomcat-10.0.17\work\Catalina\localhost\作业一\org\apache\jsp\希腊字母表_jsp.java]
Syntax error, insert "}" to complete ClassBody

Stacktrace:
	org.apache.jasper.JasperException: 无法为JSP编译类: 

在生成的java文件中的第：[133]行发生错误：[D:\web\apache-tomcat-10.0.17\work\Catalina\localhost\作业一\org\apache\jsp\希腊字母表_jsp.java]
Syntax error, insert "}" to complete Block

在生成的java文件中的第：[150]行发生错误：[D:\web\apache-tomcat-10.0.17\work\Catalina\localhost\作业一\org\apache\jsp\希腊字母表_jsp.java]
Syntax error on token "}", delete this token

在生成的java文件中的第：[151]行发生错误：[D:\web\apache-tomcat-10.0.17\work\Catalina\localhost\作业一\org\apache\jsp\希腊字母表_jsp.java]
Syntax error, insert "}" to complete ClassBody

Stacktrace:
		at org.apache.jasper.compiler.DefaultErrorHandler.javacError(DefaultErrorHandler.java:102)
		at org.apache.jasper.compiler.ErrorDispatcher.javacError(ErrorDispatcher.java:213)
		at org.apache.jasper.compiler.JDTCompiler.generateClass(JDTCompiler.java:498)
		at org.apache.jasper.compiler.Compiler.compile(Compiler.java:397)
		at org.apache.jasper.compiler.Compiler.compile(Compiler.java:367)
		at org.apache.jasper.compiler.Compiler.compile(Compiler.java:351)
		at org.apache.jasper.JspCompilationContext.compile(JspCompilationContext.java:603)
		at org.apache.jasper.servlet.JspServletWrapper.service(JspServletWrapper.java:399)
		at org.apache.jasper.servlet.JspServlet.serviceJspFile(JspServlet.java:380)
		at org.apache.jasper.servlet.JspServlet.service(JspServlet.java:328)
		at jakarta.servlet.http.HttpServlet.service(HttpServlet.java:777)
		at org.apache.catalina.core.ApplicationFilterChain.internalDoFilter(ApplicationFilterChain.java:223)
		at org.apache.catalina.core.ApplicationFilterChain.doFilter(ApplicationFilterChain.java:158)
		at org.apache.tomcat.websocket.server.WsFilter.doFilter(WsFilter.java:53)
		at org.apache.catalina.core.ApplicationFilterChain.internalDoFilter(ApplicationFilterChain.java:185)
		at org.apache.catalina.core.ApplicationFilterChain.doFilter(ApplicationFilterChain.java:158)
		at org.apache.catalina.core.StandardWrapperValve.invoke(StandardWrapperValve.java:197)
		at org.apache.catalina.core.StandardContextValve.invoke(StandardContextValve.java:97)
		at org.apache.catalina.authenticator.AuthenticatorBase.invoke(AuthenticatorBase.java:542)
		at org.apache.catalina.core.StandardHostValve.invoke(StandardHostValve.java:119)
		at org.apache.catalina.valves.ErrorReportValve.invoke(ErrorReportValve.java:92)
		at org.apache.catalina.valves.AbstractAccessLogValve.invoke(AbstractAccessLogValve.java:690)
		at org.apache.catalina.core.StandardEngineValve.invoke(StandardEngineValve.java:78)
		at org.apache.catalina.connector.CoyoteAdapter.service(CoyoteAdapter.java:355)
		at org.apache.coyote.http11.Http11Processor.service(Http11Processor.java:399)
		at org.apache.coyote.AbstractProcessorLight.process(AbstractProcessorLight.java:65)
		at org.apache.coyote.AbstractProtocol$ConnectionHandler.process(AbstractProtocol.java:866)
		at org.apache.tomcat.util.net.NioEndpoint$SocketProcessor.doRun(NioEndpoint.java:1716)
		at org.apache.tomcat.util.net.SocketProcessorBase.run(SocketProcessorBase.java:49)
		at org.apache.tomcat.util.threads.ThreadPoolExecutor.runWorker(ThreadPoolExecutor.java:1191)
		at org.apache.tomcat.util.threads.ThreadPoolExecutor$Worker.run(ThreadPoolExecutor.java:659)
		at org.apache.tomcat.util.threads.TaskThread$WrappingRunnable.run(TaskThread.java:61)
		at java.base/java.lang.Thread.run(Thread.java:833)
10-Mar-2022 16:38:11.183 严重 [http-nio-8080-exec-4] org.apache.catalina.core.StandardWrapperValve.invoke 在路径为/作业一的上下文中，Servlet[jsp]的Servlet.service（）引发了具有根本原因的异常无法为JSP编译类: 

在生成的java文件中的第：[133]行发生错误：[D:\web\apache-tomcat-10.0.17\work\Catalina\localhost\作业一\org\apache\jsp\希腊字母表_jsp.java]
Syntax error, insert "}" to complete Block

在生成的java文件中的第：[150]行发生错误：[D:\web\apache-tomcat-10.0.17\work\Catalina\localhost\作业一\org\apache\jsp\希腊字母表_jsp.java]
Syntax error on token "}", delete this token

在生成的java文件中的第：[151]行发生错误：[D:\web\apache-tomcat-10.0.17\work\Catalina\localhost\作业一\org\apache\jsp\希腊字母表_jsp.java]
Syntax error, insert "}" to complete ClassBody

Stacktrace:
	org.apache.jasper.JasperException: 无法为JSP编译类: 

在生成的java文件中的第：[133]行发生错误：[D:\web\apache-tomcat-10.0.17\work\Catalina\localhost\作业一\org\apache\jsp\希腊字母表_jsp.java]
Syntax error, insert "}" to complete Block

在生成的java文件中的第：[150]行发生错误：[D:\web\apache-tomcat-10.0.17\work\Catalina\localhost\作业一\org\apache\jsp\希腊字母表_jsp.java]
Syntax error on token "}", delete this token

在生成的java文件中的第：[151]行发生错误：[D:\web\apache-tomcat-10.0.17\work\Catalina\localhost\作业一\org\apache\jsp\希腊字母表_jsp.java]
Syntax error, insert "}" to complete ClassBody

Stacktrace:
		at org.apache.jasper.compiler.DefaultErrorHandler.javacError(DefaultErrorHandler.java:102)
		at org.apache.jasper.compiler.ErrorDispatcher.javacError(ErrorDispatcher.java:213)
		at org.apache.jasper.compiler.JDTCompiler.generateClass(JDTCompiler.java:498)
		at org.apache.jasper.compiler.Compiler.compile(Compiler.java:397)
		at org.apache.jasper.compiler.Compiler.compile(Compiler.java:367)
		at org.apache.jasper.compiler.Compiler.compile(Compiler.java:351)
		at org.apache.jasper.JspCompilationContext.compile(JspCompilationContext.java:603)
		at org.apache.jasper.servlet.JspServletWrapper.service(JspServletWrapper.java:399)
		at org.apache.jasper.servlet.JspServlet.serviceJspFile(JspServlet.java:380)
		at org.apache.jasper.servlet.JspServlet.service(JspServlet.java:328)
		at jakarta.servlet.http.HttpServlet.service(HttpServlet.java:777)
		at org.apache.catalina.core.ApplicationFilterChain.internalDoFilter(ApplicationFilterChain.java:223)
		at org.apache.catalina.core.ApplicationFilterChain.doFilter(ApplicationFilterChain.java:158)
		at org.apache.tomcat.websocket.server.WsFilter.doFilter(WsFilter.java:53)
		at org.apache.catalina.core.ApplicationFilterChain.internalDoFilter(ApplicationFilterChain.java:185)
		at org.apache.catalina.core.ApplicationFilterChain.doFilter(ApplicationFilterChain.java:158)
		at org.apache.catalina.core.StandardWrapperValve.invoke(StandardWrapperValve.java:197)
		at org.apache.catalina.core.StandardContextValve.invoke(StandardContextValve.java:97)
		at org.apache.catalina.authenticator.AuthenticatorBase.invoke(AuthenticatorBase.java:542)
		at org.apache.catalina.core.StandardHostValve.invoke(StandardHostValve.java:119)
		at org.apache.catalina.valves.ErrorReportValve.invoke(ErrorReportValve.java:92)
		at org.apache.catalina.valves.AbstractAccessLogValve.invoke(AbstractAccessLogValve.java:690)
		at org.apache.catalina.core.StandardEngineValve.invoke(StandardEngineValve.java:78)
		at org.apache.catalina.connector.CoyoteAdapter.service(CoyoteAdapter.java:355)
		at org.apache.coyote.http11.Http11Processor.service(Http11Processor.java:399)
		at org.apache.coyote.AbstractProcessorLight.process(AbstractProcessorLight.java:65)
		at org.apache.coyote.AbstractProtocol$ConnectionHandler.process(AbstractProtocol.java:866)
		at org.apache.tomcat.util.net.NioEndpoint$SocketProcessor.doRun(NioEndpoint.java:1716)
		at org.apache.tomcat.util.net.SocketProcessorBase.run(SocketProcessorBase.java:49)
		at org.apache.tomcat.util.threads.ThreadPoolExecutor.runWorker(ThreadPoolExecutor.java:1191)
		at org.apache.tomcat.util.threads.ThreadPoolExecutor$Worker.run(ThreadPoolExecutor.java:659)
		at org.apache.tomcat.util.threads.TaskThread$WrappingRunnable.run(TaskThread.java:61)
		at java.base/java.lang.Thread.run(Thread.java:833)
10-Mar-2022 16:38:15.275 严重 [http-nio-8080-exec-10] org.apache.catalina.core.StandardWrapperValve.invoke 在路径为/作业一的上下文中，Servlet[jsp]的Servlet.service（）引发了具有根本原因的异常无法为JSP编译类: 

在生成的java文件中的第：[133]行发生错误：[D:\web\apache-tomcat-10.0.17\work\Catalina\localhost\作业一\org\apache\jsp\希腊字母表_jsp.java]
Syntax error, insert "}" to complete Block

在生成的java文件中的第：[150]行发生错误：[D:\web\apache-tomcat-10.0.17\work\Catalina\localhost\作业一\org\apache\jsp\希腊字母表_jsp.java]
Syntax error on token "}", delete this token

在生成的java文件中的第：[151]行发生错误：[D:\web\apache-tomcat-10.0.17\work\Catalina\localhost\作业一\org\apache\jsp\希腊字母表_jsp.java]
Syntax error, insert "}" to complete ClassBody

Stacktrace:
	org.apache.jasper.JasperException: 无法为JSP编译类: 

在生成的java文件中的第：[133]行发生错误：[D:\web\apache-tomcat-10.0.17\work\Catalina\localhost\作业一\org\apache\jsp\希腊字母表_jsp.java]
Syntax error, insert "}" to complete Block

在生成的java文件中的第：[150]行发生错误：[D:\web\apache-tomcat-10.0.17\work\Catalina\localhost\作业一\org\apache\jsp\希腊字母表_jsp.java]
Syntax error on token "}", delete this token

在生成的java文件中的第：[151]行发生错误：[D:\web\apache-tomcat-10.0.17\work\Catalina\localhost\作业一\org\apache\jsp\希腊字母表_jsp.java]
Syntax error, insert "}" to complete ClassBody

Stacktrace:
		at org.apache.jasper.compiler.DefaultErrorHandler.javacError(DefaultErrorHandler.java:102)
		at org.apache.jasper.compiler.ErrorDispatcher.javacError(ErrorDispatcher.java:213)
		at org.apache.jasper.compiler.JDTCompiler.generateClass(JDTCompiler.java:498)
		at org.apache.jasper.compiler.Compiler.compile(Compiler.java:397)
		at org.apache.jasper.compiler.Compiler.compile(Compiler.java:367)
		at org.apache.jasper.compiler.Compiler.compile(Compiler.java:351)
		at org.apache.jasper.JspCompilationContext.compile(JspCompilationContext.java:603)
		at org.apache.jasper.servlet.JspServletWrapper.service(JspServletWrapper.java:399)
		at org.apache.jasper.servlet.JspServlet.serviceJspFile(JspServlet.java:380)
		at org.apache.jasper.servlet.JspServlet.service(JspServlet.java:328)
		at jakarta.servlet.http.HttpServlet.service(HttpServlet.java:777)
		at org.apache.catalina.core.ApplicationFilterChain.internalDoFilter(ApplicationFilterChain.java:223)
		at org.apache.catalina.core.ApplicationFilterChain.doFilter(ApplicationFilterChain.java:158)
		at org.apache.tomcat.websocket.server.WsFilter.doFilter(WsFilter.java:53)
		at org.apache.catalina.core.ApplicationFilterChain.internalDoFilter(ApplicationFilterChain.java:185)
		at org.apache.catalina.core.ApplicationFilterChain.doFilter(ApplicationFilterChain.java:158)
		at org.apache.catalina.core.StandardWrapperValve.invoke(StandardWrapperValve.java:197)
		at org.apache.catalina.core.StandardContextValve.invoke(StandardContextValve.java:97)
		at org.apache.catalina.authenticator.AuthenticatorBase.invoke(AuthenticatorBase.java:542)
		at org.apache.catalina.core.StandardHostValve.invoke(StandardHostValve.java:119)
		at org.apache.catalina.valves.ErrorReportValve.invoke(ErrorReportValve.java:92)
		at org.apache.catalina.valves.AbstractAccessLogValve.invoke(AbstractAccessLogValve.java:690)
		at org.apache.catalina.core.StandardEngineValve.invoke(StandardEngineValve.java:78)
		at org.apache.catalina.connector.CoyoteAdapter.service(CoyoteAdapter.java:355)
		at org.apache.coyote.http11.Http11Processor.service(Http11Processor.java:399)
		at org.apache.coyote.AbstractProcessorLight.process(AbstractProcessorLight.java:65)
		at org.apache.coyote.AbstractProtocol$ConnectionHandler.process(AbstractProtocol.java:866)
		at org.apache.tomcat.util.net.NioEndpoint$SocketProcessor.doRun(NioEndpoint.java:1716)
		at org.apache.tomcat.util.net.SocketProcessorBase.run(SocketProcessorBase.java:49)
		at org.apache.tomcat.util.threads.ThreadPoolExecutor.runWorker(ThreadPoolExecutor.java:1191)
		at org.apache.tomcat.util.threads.ThreadPoolExecutor$Worker.run(ThreadPoolExecutor.java:659)
		at org.apache.tomcat.util.threads.TaskThread$WrappingRunnable.run(TaskThread.java:61)
		at java.base/java.lang.Thread.run(Thread.java:833)
10-Mar-2022 16:39:11.973 严重 [http-nio-8080-exec-5] org.apache.catalina.core.StandardWrapperValve.invoke 在路径为/作业一的上下文中，Servlet[jsp]的Servlet.service（）引发了具有根本原因的异常无法为JSP编译类: 

在生成的java文件中的第：[133]行发生错误：[D:\web\apache-tomcat-10.0.17\work\Catalina\localhost\作业一\org\apache\jsp\希腊字母表_jsp.java]
Syntax error, insert "}" to complete Block

在生成的java文件中的第：[150]行发生错误：[D:\web\apache-tomcat-10.0.17\work\Catalina\localhost\作业一\org\apache\jsp\希腊字母表_jsp.java]
Syntax error on token "}", delete this token

在生成的java文件中的第：[151]行发生错误：[D:\web\apache-tomcat-10.0.17\work\Catalina\localhost\作业一\org\apache\jsp\希腊字母表_jsp.java]
Syntax error, insert "}" to complete ClassBody

Stacktrace:
	org.apache.jasper.JasperException: 无法为JSP编译类: 

在生成的java文件中的第：[133]行发生错误：[D:\web\apache-tomcat-10.0.17\work\Catalina\localhost\作业一\org\apache\jsp\希腊字母表_jsp.java]
Syntax error, insert "}" to complete Block

在生成的java文件中的第：[150]行发生错误：[D:\web\apache-tomcat-10.0.17\work\Catalina\localhost\作业一\org\apache\jsp\希腊字母表_jsp.java]
Syntax error on token "}", delete this token

在生成的java文件中的第：[151]行发生错误：[D:\web\apache-tomcat-10.0.17\work\Catalina\localhost\作业一\org\apache\jsp\希腊字母表_jsp.java]
Syntax error, insert "}" to complete ClassBody

Stacktrace:
		at org.apache.jasper.compiler.DefaultErrorHandler.javacError(DefaultErrorHandler.java:102)
		at org.apache.jasper.compiler.ErrorDispatcher.javacError(ErrorDispatcher.java:213)
		at org.apache.jasper.compiler.JDTCompiler.generateClass(JDTCompiler.java:498)
		at org.apache.jasper.compiler.Compiler.compile(Compiler.java:397)
		at org.apache.jasper.compiler.Compiler.compile(Compiler.java:367)
		at org.apache.jasper.compiler.Compiler.compile(Compiler.java:351)
		at org.apache.jasper.JspCompilationContext.compile(JspCompilationContext.java:603)
		at org.apache.jasper.servlet.JspServletWrapper.service(JspServletWrapper.java:399)
		at org.apache.jasper.servlet.JspServlet.serviceJspFile(JspServlet.java:380)
		at org.apache.jasper.servlet.JspServlet.service(JspServlet.java:328)
		at jakarta.servlet.http.HttpServlet.service(HttpServlet.java:777)
		at org.apache.catalina.core.ApplicationFilterChain.internalDoFilter(ApplicationFilterChain.java:223)
		at org.apache.catalina.core.ApplicationFilterChain.doFilter(ApplicationFilterChain.java:158)
		at org.apache.tomcat.websocket.server.WsFilter.doFilter(WsFilter.java:53)
		at org.apache.catalina.core.ApplicationFilterChain.internalDoFilter(ApplicationFilterChain.java:185)
		at org.apache.catalina.core.ApplicationFilterChain.doFilter(ApplicationFilterChain.java:158)
		at org.apache.catalina.core.StandardWrapperValve.invoke(StandardWrapperValve.java:197)
		at org.apache.catalina.core.StandardContextValve.invoke(StandardContextValve.java:97)
		at org.apache.catalina.authenticator.AuthenticatorBase.invoke(AuthenticatorBase.java:542)
		at org.apache.catalina.core.StandardHostValve.invoke(StandardHostValve.java:119)
		at org.apache.catalina.valves.ErrorReportValve.invoke(ErrorReportValve.java:92)
		at org.apache.catalina.valves.AbstractAccessLogValve.invoke(AbstractAccessLogValve.java:690)
		at org.apache.catalina.core.StandardEngineValve.invoke(StandardEngineValve.java:78)
		at org.apache.catalina.connector.CoyoteAdapter.service(CoyoteAdapter.java:355)
		at org.apache.coyote.http11.Http11Processor.service(Http11Processor.java:399)
		at org.apache.coyote.AbstractProcessorLight.process(AbstractProcessorLight.java:65)
		at org.apache.coyote.AbstractProtocol$ConnectionHandler.process(AbstractProtocol.java:866)
		at org.apache.tomcat.util.net.NioEndpoint$SocketProcessor.doRun(NioEndpoint.java:1716)
		at org.apache.tomcat.util.net.SocketProcessorBase.run(SocketProcessorBase.java:49)
		at org.apache.tomcat.util.threads.ThreadPoolExecutor.runWorker(ThreadPoolExecutor.java:1191)
		at org.apache.tomcat.util.threads.ThreadPoolExecutor$Worker.run(ThreadPoolExecutor.java:659)
		at org.apache.tomcat.util.threads.TaskThread$WrappingRunnable.run(TaskThread.java:61)
		at java.base/java.lang.Thread.run(Thread.java:833)
10-Mar-2022 16:39:16.505 严重 [http-nio-8080-exec-9] org.apache.catalina.core.StandardWrapperValve.invoke 在路径为/作业一的上下文中，Servlet[jsp]的Servlet.service（）引发了具有根本原因的异常无法为JSP编译类: 

在生成的java文件中的第：[133]行发生错误：[D:\web\apache-tomcat-10.0.17\work\Catalina\localhost\作业一\org\apache\jsp\希腊字母表_jsp.java]
Syntax error, insert "}" to complete Block

在生成的java文件中的第：[150]行发生错误：[D:\web\apache-tomcat-10.0.17\work\Catalina\localhost\作业一\org\apache\jsp\希腊字母表_jsp.java]
Syntax error on token "}", delete this token

在生成的java文件中的第：[151]行发生错误：[D:\web\apache-tomcat-10.0.17\work\Catalina\localhost\作业一\org\apache\jsp\希腊字母表_jsp.java]
Syntax error, insert "}" to complete ClassBody

Stacktrace:
	org.apache.jasper.JasperException: 无法为JSP编译类: 

在生成的java文件中的第：[133]行发生错误：[D:\web\apache-tomcat-10.0.17\work\Catalina\localhost\作业一\org\apache\jsp\希腊字母表_jsp.java]
Syntax error, insert "}" to complete Block

在生成的java文件中的第：[150]行发生错误：[D:\web\apache-tomcat-10.0.17\work\Catalina\localhost\作业一\org\apache\jsp\希腊字母表_jsp.java]
Syntax error on token "}", delete this token

在生成的java文件中的第：[151]行发生错误：[D:\web\apache-tomcat-10.0.17\work\Catalina\localhost\作业一\org\apache\jsp\希腊字母表_jsp.java]
Syntax error, insert "}" to complete ClassBody

Stacktrace:
		at org.apache.jasper.compiler.DefaultErrorHandler.javacError(DefaultErrorHandler.java:102)
		at org.apache.jasper.compiler.ErrorDispatcher.javacError(ErrorDispatcher.java:213)
		at org.apache.jasper.compiler.JDTCompiler.generateClass(JDTCompiler.java:498)
		at org.apache.jasper.compiler.Compiler.compile(Compiler.java:397)
		at org.apache.jasper.compiler.Compiler.compile(Compiler.java:367)
		at org.apache.jasper.compiler.Compiler.compile(Compiler.java:351)
		at org.apache.jasper.JspCompilationContext.compile(JspCompilationContext.java:603)
		at org.apache.jasper.servlet.JspServletWrapper.service(JspServletWrapper.java:399)
		at org.apache.jasper.servlet.JspServlet.serviceJspFile(JspServlet.java:380)
		at org.apache.jasper.servlet.JspServlet.service(JspServlet.java:328)
		at jakarta.servlet.http.HttpServlet.service(HttpServlet.java:777)
		at org.apache.catalina.core.ApplicationFilterChain.internalDoFilter(ApplicationFilterChain.java:223)
		at org.apache.catalina.core.ApplicationFilterChain.doFilter(ApplicationFilterChain.java:158)
		at org.apache.tomcat.websocket.server.WsFilter.doFilter(WsFilter.java:53)
		at org.apache.catalina.core.ApplicationFilterChain.internalDoFilter(ApplicationFilterChain.java:185)
		at org.apache.catalina.core.ApplicationFilterChain.doFilter(ApplicationFilterChain.java:158)
		at org.apache.catalina.core.StandardWrapperValve.invoke(StandardWrapperValve.java:197)
		at org.apache.catalina.core.StandardContextValve.invoke(StandardContextValve.java:97)
		at org.apache.catalina.authenticator.AuthenticatorBase.invoke(AuthenticatorBase.java:542)
		at org.apache.catalina.core.StandardHostValve.invoke(StandardHostValve.java:119)
		at org.apache.catalina.valves.ErrorReportValve.invoke(ErrorReportValve.java:92)
		at org.apache.catalina.valves.AbstractAccessLogValve.invoke(AbstractAccessLogValve.java:690)
		at org.apache.catalina.core.StandardEngineValve.invoke(StandardEngineValve.java:78)
		at org.apache.catalina.connector.CoyoteAdapter.service(CoyoteAdapter.java:355)
		at org.apache.coyote.http11.Http11Processor.service(Http11Processor.java:399)
		at org.apache.coyote.AbstractProcessorLight.process(AbstractProcessorLight.java:65)
		at org.apache.coyote.AbstractProtocol$ConnectionHandler.process(AbstractProtocol.java:866)
		at org.apache.tomcat.util.net.NioEndpoint$SocketProcessor.doRun(NioEndpoint.java:1716)
		at org.apache.tomcat.util.net.SocketProcessorBase.run(SocketProcessorBase.java:49)
		at org.apache.tomcat.util.threads.ThreadPoolExecutor.runWorker(ThreadPoolExecutor.java:1191)
		at org.apache.tomcat.util.threads.ThreadPoolExecutor$Worker.run(ThreadPoolExecutor.java:659)
		at org.apache.tomcat.util.threads.TaskThread$WrappingRunnable.run(TaskThread.java:61)
		at java.base/java.lang.Thread.run(Thread.java:833)
10-Mar-2022 16:39:50.560 严重 [http-nio-8080-exec-2] org.apache.catalina.core.StandardWrapperValve.invoke 在路径为/作业一的上下文中，Servlet[jsp]的Servlet.service（）引发了具有根本原因的异常无法为JSP编译类: 

在生成的java文件中的第：[133]行发生错误：[D:\web\apache-tomcat-10.0.17\work\Catalina\localhost\作业一\org\apache\jsp\希腊字母表_jsp.java]
Syntax error, insert "}" to complete Block

在生成的java文件中的第：[150]行发生错误：[D:\web\apache-tomcat-10.0.17\work\Catalina\localhost\作业一\org\apache\jsp\希腊字母表_jsp.java]
Syntax error on token "}", delete this token

在生成的java文件中的第：[151]行发生错误：[D:\web\apache-tomcat-10.0.17\work\Catalina\localhost\作业一\org\apache\jsp\希腊字母表_jsp.java]
Syntax error, insert "}" to complete ClassBody

Stacktrace:
	org.apache.jasper.JasperException: 无法为JSP编译类: 

在生成的java文件中的第：[133]行发生错误：[D:\web\apache-tomcat-10.0.17\work\Catalina\localhost\作业一\org\apache\jsp\希腊字母表_jsp.java]
Syntax error, insert "}" to complete Block

在生成的java文件中的第：[150]行发生错误：[D:\web\apache-tomcat-10.0.17\work\Catalina\localhost\作业一\org\apache\jsp\希腊字母表_jsp.java]
Syntax error on token "}", delete this token

在生成的java文件中的第：[151]行发生错误：[D:\web\apache-tomcat-10.0.17\work\Catalina\localhost\作业一\org\apache\jsp\希腊字母表_jsp.java]
Syntax error, insert "}" to complete ClassBody

Stacktrace:
		at org.apache.jasper.compiler.DefaultErrorHandler.javacError(DefaultErrorHandler.java:102)
		at org.apache.jasper.compiler.ErrorDispatcher.javacError(ErrorDispatcher.java:213)
		at org.apache.jasper.compiler.JDTCompiler.generateClass(JDTCompiler.java:498)
		at org.apache.jasper.compiler.Compiler.compile(Compiler.java:397)
		at org.apache.jasper.compiler.Compiler.compile(Compiler.java:367)
		at org.apache.jasper.compiler.Compiler.compile(Compiler.java:351)
		at org.apache.jasper.JspCompilationContext.compile(JspCompilationContext.java:603)
		at org.apache.jasper.servlet.JspServletWrapper.service(JspServletWrapper.java:399)
		at org.apache.jasper.servlet.JspServlet.serviceJspFile(JspServlet.java:380)
		at org.apache.jasper.servlet.JspServlet.service(JspServlet.java:328)
		at jakarta.servlet.http.HttpServlet.service(HttpServlet.java:777)
		at org.apache.catalina.core.ApplicationFilterChain.internalDoFilter(ApplicationFilterChain.java:223)
		at org.apache.catalina.core.ApplicationFilterChain.doFilter(ApplicationFilterChain.java:158)
		at org.apache.tomcat.websocket.server.WsFilter.doFilter(WsFilter.java:53)
		at org.apache.catalina.core.ApplicationFilterChain.internalDoFilter(ApplicationFilterChain.java:185)
		at org.apache.catalina.core.ApplicationFilterChain.doFilter(ApplicationFilterChain.java:158)
		at org.apache.catalina.core.StandardWrapperValve.invoke(StandardWrapperValve.java:197)
		at org.apache.catalina.core.StandardContextValve.invoke(StandardContextValve.java:97)
		at org.apache.catalina.authenticator.AuthenticatorBase.invoke(AuthenticatorBase.java:542)
		at org.apache.catalina.core.StandardHostValve.invoke(StandardHostValve.java:119)
		at org.apache.catalina.valves.ErrorReportValve.invoke(ErrorReportValve.java:92)
		at org.apache.catalina.valves.AbstractAccessLogValve.invoke(AbstractAccessLogValve.java:690)
		at org.apache.catalina.core.StandardEngineValve.invoke(StandardEngineValve.java:78)
		at org.apache.catalina.connector.CoyoteAdapter.service(CoyoteAdapter.java:355)
		at org.apache.coyote.http11.Http11Processor.service(Http11Processor.java:399)
		at org.apache.coyote.AbstractProcessorLight.process(AbstractProcessorLight.java:65)
		at org.apache.coyote.AbstractProtocol$ConnectionHandler.process(AbstractProtocol.java:866)
		at org.apache.tomcat.util.net.NioEndpoint$SocketProcessor.doRun(NioEndpoint.java:1716)
		at org.apache.tomcat.util.net.SocketProcessorBase.run(SocketProcessorBase.java:49)
		at org.apache.tomcat.util.threads.ThreadPoolExecutor.runWorker(ThreadPoolExecutor.java:1191)
		at org.apache.tomcat.util.threads.ThreadPoolExecutor$Worker.run(ThreadPoolExecutor.java:659)
		at org.apache.tomcat.util.threads.TaskThread$WrappingRunnable.run(TaskThread.java:61)
		at java.base/java.lang.Thread.run(Thread.java:833)
10-Mar-2022 16:39:54.989 严重 [http-nio-8080-exec-4] org.apache.catalina.core.StandardWrapperValve.invoke 在路径为/作业一的上下文中，Servlet[jsp]的Servlet.service（）引发了具有根本原因的异常无法为JSP编译类: 

在生成的java文件中的第：[133]行发生错误：[D:\web\apache-tomcat-10.0.17\work\Catalina\localhost\作业一\org\apache\jsp\希腊字母表_jsp.java]
Syntax error, insert "}" to complete Block

在生成的java文件中的第：[150]行发生错误：[D:\web\apache-tomcat-10.0.17\work\Catalina\localhost\作业一\org\apache\jsp\希腊字母表_jsp.java]
Syntax error on token "}", delete this token

在生成的java文件中的第：[151]行发生错误：[D:\web\apache-tomcat-10.0.17\work\Catalina\localhost\作业一\org\apache\jsp\希腊字母表_jsp.java]
Syntax error, insert "}" to complete ClassBody

Stacktrace:
	org.apache.jasper.JasperException: 无法为JSP编译类: 

在生成的java文件中的第：[133]行发生错误：[D:\web\apache-tomcat-10.0.17\work\Catalina\localhost\作业一\org\apache\jsp\希腊字母表_jsp.java]
Syntax error, insert "}" to complete Block

在生成的java文件中的第：[150]行发生错误：[D:\web\apache-tomcat-10.0.17\work\Catalina\localhost\作业一\org\apache\jsp\希腊字母表_jsp.java]
Syntax error on token "}", delete this token

在生成的java文件中的第：[151]行发生错误：[D:\web\apache-tomcat-10.0.17\work\Catalina\localhost\作业一\org\apache\jsp\希腊字母表_jsp.java]
Syntax error, insert "}" to complete ClassBody

Stacktrace:
		at org.apache.jasper.compiler.DefaultErrorHandler.javacError(DefaultErrorHandler.java:102)
		at org.apache.jasper.compiler.ErrorDispatcher.javacError(ErrorDispatcher.java:213)
		at org.apache.jasper.compiler.JDTCompiler.generateClass(JDTCompiler.java:498)
		at org.apache.jasper.compiler.Compiler.compile(Compiler.java:397)
		at org.apache.jasper.compiler.Compiler.compile(Compiler.java:367)
		at org.apache.jasper.compiler.Compiler.compile(Compiler.java:351)
		at org.apache.jasper.JspCompilationContext.compile(JspCompilationContext.java:603)
		at org.apache.jasper.servlet.JspServletWrapper.service(JspServletWrapper.java:399)
		at org.apache.jasper.servlet.JspServlet.serviceJspFile(JspServlet.java:380)
		at org.apache.jasper.servlet.JspServlet.service(JspServlet.java:328)
		at jakarta.servlet.http.HttpServlet.service(HttpServlet.java:777)
		at org.apache.catalina.core.ApplicationFilterChain.internalDoFilter(ApplicationFilterChain.java:223)
		at org.apache.catalina.core.ApplicationFilterChain.doFilter(ApplicationFilterChain.java:158)
		at org.apache.tomcat.websocket.server.WsFilter.doFilter(WsFilter.java:53)
		at org.apache.catalina.core.ApplicationFilterChain.internalDoFilter(ApplicationFilterChain.java:185)
		at org.apache.catalina.core.ApplicationFilterChain.doFilter(ApplicationFilterChain.java:158)
		at org.apache.catalina.core.StandardWrapperValve.invoke(StandardWrapperValve.java:197)
		at org.apache.catalina.core.StandardContextValve.invoke(StandardContextValve.java:97)
		at org.apache.catalina.authenticator.AuthenticatorBase.invoke(AuthenticatorBase.java:542)
		at org.apache.catalina.core.StandardHostValve.invoke(StandardHostValve.java:119)
		at org.apache.catalina.valves.ErrorReportValve.invoke(ErrorReportValve.java:92)
		at org.apache.catalina.valves.AbstractAccessLogValve.invoke(AbstractAccessLogValve.java:690)
		at org.apache.catalina.core.StandardEngineValve.invoke(StandardEngineValve.java:78)
		at org.apache.catalina.connector.CoyoteAdapter.service(CoyoteAdapter.java:355)
		at org.apache.coyote.http11.Http11Processor.service(Http11Processor.java:399)
		at org.apache.coyote.AbstractProcessorLight.process(AbstractProcessorLight.java:65)
		at org.apache.coyote.AbstractProtocol$ConnectionHandler.process(AbstractProtocol.java:866)
		at org.apache.tomcat.util.net.NioEndpoint$SocketProcessor.doRun(NioEndpoint.java:1716)
		at org.apache.tomcat.util.net.SocketProcessorBase.run(SocketProcessorBase.java:49)
		at org.apache.tomcat.util.threads.ThreadPoolExecutor.runWorker(ThreadPoolExecutor.java:1191)
		at org.apache.tomcat.util.threads.ThreadPoolExecutor$Worker.run(ThreadPoolExecutor.java:659)
		at org.apache.tomcat.util.threads.TaskThread$WrappingRunnable.run(TaskThread.java:61)
		at java.base/java.lang.Thread.run(Thread.java:833)
10-Mar-2022 21:50:42.710 信息 [main] org.apache.catalina.core.ApplicationContext.log ContextListener: contextInitialized()
10-Mar-2022 21:50:42.711 信息 [main] org.apache.catalina.core.ApplicationContext.log SessionListener: contextInitialized()
10-Mar-2022 21:50:42.714 信息 [main] org.apache.catalina.core.ApplicationContext.log ContextListener: attributeAdded('StockTicker', 'async.Stockticker@5cc126dc')
10-Mar-2022 21:50:43.891 信息 [main] org.apache.catalina.core.ApplicationContext.log ContextListener: contextInitialized()
10-Mar-2022 21:50:43.891 信息 [main] org.apache.catalina.core.ApplicationContext.log SessionListener: contextInitialized()
10-Mar-2022 21:50:43.894 信息 [main] org.apache.catalina.core.ApplicationContext.log ContextListener: attributeAdded('StockTicker', 'async.Stockticker@76ba13c')
10-Mar-2022 21:50:44.127 信息 [main] org.apache.catalina.core.ApplicationContext.log SessionListener: contextDestroyed()
10-Mar-2022 21:50:44.128 信息 [main] org.apache.catalina.core.ApplicationContext.log ContextListener: contextDestroyed()
